 - Number of KL modes:              100
 - Monte Carlo sample size:         100000
 - Will generate covariance of type Exp, with correlation length 1 and standard deviation 0.5
 - Time marching step:              0.01
 - Process end time:                10
 - Dynamical orthogonal AAPG factor:1
 - Nonlinearity parameter:          5
 - Order of GS:                     2
 - Order of GS in AAPG subproblems: 2
 - Order of AAPG:                   3

MCS...

Number of threads in OMP:128
Took	9.855 sec
Time Step: 100, time: 1, u: 0.4149, u_StDev: 0.1021
Time Step: 200, time: 2, u: 0.6405, u_StDev: 0.06811
Time Step: 300, time: 3, u: 0.1733, u_StDev: 0.1523
Time Step: 400, time: 4, u: 0.3304, u_StDev: 0.2042
Time Step: 500, time: 5, u: 0.6032, u_StDev: 0.1277
Time Step: 600, time: 6, u: 0.321, u_StDev: 0.1688
Time Step: 700, time: 7, u: 0.3213, u_StDev: 0.2099
Time Step: 800, time: 8, u: 0.529, u_StDev: 0.1605
Time Step: 900, time: 9, u: 0.4083, u_StDev: 0.1752
Time Step: 1000, time: 10, u: 0.3455, u_StDev: 0.1892

Ghanem-Spanos method...
Used level 1 sparse quadrature points for initialization.

Order 1
The number of PC terms in an expansion is 101
Cost time: 0.38
Time Step: 0, time: 0, u: 0, u_StDev: 0
Time Step: 100, time: 1, u: 0.4217, u_StDev: 0.1036
Time Step: 200, time: 2, u: 0.6365, u_StDev: 0.06284
Time Step: 300, time: 3, u: 0.1706, u_StDev: 0.1525
Time Step: 400, time: 4, u: 0.3279, u_StDev: 0.2083
Time Step: 500, time: 5, u: 0.598, u_StDev: 0.1144
Time Step: 600, time: 6, u: 0.324, u_StDev: 0.1666
Time Step: 700, time: 7, u: 0.3168, u_StDev: 0.2113
Time Step: 800, time: 8, u: 0.5209, u_StDev: 0.1391
Time Step: 900, time: 9, u: 0.4156, u_StDev: 0.18
Time Step: 1000, time: 10, u: 0.3406, u_StDev: 0.1888
Used level 2 sparse quadrature points for initialization.
