 - Number of KL modes:              80
 - Monte Carlo sample size:         100000
 - Will generate covariance of type Exp, with correlation length 1 and standard deviation 0.5
 - Time marching step:              0.01
 - Process end time:                10
 - Dynamical orthogonal AAPG factor:1
 - Nonlinearity parameter:          5
 - Order of GS:                     2
 - Order of GS in AAPG subproblems: 2
 - Order of AAPG:                   3

MCS...

Number of threads in OMP:128
Took	8.931 sec
Time Step: 100, time: 1, u: 0.4146, u_StDev: 0.1022
Time Step: 200, time: 2, u: 0.6407, u_StDev: 0.06768
Time Step: 300, time: 3, u: 0.173, u_StDev: 0.1528
Time Step: 400, time: 4, u: 0.329, u_StDev: 0.2047
Time Step: 500, time: 5, u: 0.6027, u_StDev: 0.1276
Time Step: 600, time: 6, u: 0.3219, u_StDev: 0.1689
Time Step: 700, time: 7, u: 0.3206, u_StDev: 0.2093
Time Step: 800, time: 8, u: 0.5288, u_StDev: 0.1611
Time Step: 900, time: 9, u: 0.4097, u_StDev: 0.1746
Time Step: 1000, time: 10, u: 0.3466, u_StDev: 0.1894

Ghanem-Spanos method...
Used level 1 sparse quadrature points for initialization.

Order 1
The number of PC terms in an expansion is 81
Cost time: 0.31
Time Step: 0, time: 0, u: 0, u_StDev: 0
Time Step: 100, time: 1, u: 0.4217, u_StDev: 0.1036
Time Step: 200, time: 2, u: 0.6365, u_StDev: 0.06284
Time Step: 300, time: 3, u: 0.1706, u_StDev: 0.1525
Time Step: 400, time: 4, u: 0.3279, u_StDev: 0.2083
Time Step: 500, time: 5, u: 0.598, u_StDev: 0.1144
Time Step: 600, time: 6, u: 0.324, u_StDev: 0.1666
Time Step: 700, time: 7, u: 0.3168, u_StDev: 0.2113
Time Step: 800, time: 8, u: 0.5209, u_StDev: 0.1391
Time Step: 900, time: 9, u: 0.4156, u_StDev: 0.18
Time Step: 1000, time: 10, u: 0.3406, u_StDev: 0.1888
Used level 2 sparse quadrature points for initialization.
