 - Number of KL modes:              30
 - Monte Carlo sample size:         100000
 - Will generate covariance of type Exp, with correlation length 1 and standard deviation 0.5
 - Time marching step:              0.01
 - Process end time:                10
 - Dynamical orthogonal AAPG factor:1
 - Nonlinearity parameter:          5
 - Order of GS:                     2
 - Order of GS in AAPG subproblems: 2
 - Order of AAPG:                   3

MCS...

Took	8.486 sec
Time Step: 100, time: 1, u: 0.4145, u_StDev: 0.1022
Time Step: 200, time: 2, u: 0.6408, u_StDev: 0.06773
Time Step: 300, time: 3, u: 0.1734, u_StDev: 0.1525
Time Step: 400, time: 4, u: 0.3297, u_StDev: 0.2037
Time Step: 500, time: 5, u: 0.6034, u_StDev: 0.1277
Time Step: 600, time: 6, u: 0.3211, u_StDev: 0.1683
Time Step: 700, time: 7, u: 0.3219, u_StDev: 0.2089
Time Step: 800, time: 8, u: 0.5302, u_StDev: 0.1605
Time Step: 900, time: 9, u: 0.4077, u_StDev: 0.1742
Time Step: 1000, time: 10, u: 0.346, u_StDev: 0.19

Ghanem-Spanos method...
Used level 1 sparse quadrature points for initialization.

Order 1
The number of PC terms in an expansion is 31
Cost time: 0.1
Time Step: 0, time: 0, u: 0, u_StDev: 0
Time Step: 100, time: 1, u: 0.4217, u_StDev: 0.1036
Time Step: 200, time: 2, u: 0.6365, u_StDev: 0.06283
Time Step: 300, time: 3, u: 0.1706, u_StDev: 0.1525
Time Step: 400, time: 4, u: 0.3279, u_StDev: 0.2083
Time Step: 500, time: 5, u: 0.598, u_StDev: 0.1144
Time Step: 600, time: 6, u: 0.324, u_StDev: 0.1666
Time Step: 700, time: 7, u: 0.3168, u_StDev: 0.2113
Time Step: 800, time: 8, u: 0.5209, u_StDev: 0.1391
Time Step: 900, time: 9, u: 0.4156, u_StDev: 0.18
Time Step: 1000, time: 10, u: 0.3406, u_StDev: 0.1888
Used level 2 sparse quadrature points for initialization.

Order 2
The number of PC terms in an expansion is 496
Cost time: 4
Time Step: 0, time: 0, u: 0, u_StDev: 0
Time Step: 100, time: 1, u: 0.4217, u_StDev: 0.1034
Time Step: 200, time: 2, u: 0.6361, u_StDev: 0.0672
Time Step: 300, time: 3, u: 0.1714, u_StDev: 0.1528
Time Step: 400, time: 4, u: 0.3339, u_StDev: 0.2065
Time Step: 500, time: 5, u: 0.6008, u_StDev: 0.1284
Time Step: 600, time: 6, u: 0.3189, u_StDev: 0.1727
Time Step: 700, time: 7, u: 0.3232, u_StDev: 0.2078
Time Step: 800, time: 8, u: 0.5305, u_StDev: 0.161
Time Step: 900, time: 9, u: 0.4052, u_StDev: 0.18
Time Step: 1000, time: 10, u: 0.3458, u_StDev: 0.1857

AAPG...
Used level 2 sparse quadrature points for initialization.
Zeroth-order term...
Took	0.00332 sec
First-order terms...
Took	0.2652 sec
Second-order terms...
Took	0.6563 sec
Third-order terms...
Took	6.603 sec

Assemble the solutions...
Initializing...	0.0162 sec
Assembling the mean...
Took	0.2122 sec
Assembling the rest...
Computing the index...
Assembling the first order terms...
Assembling the second order terms...
Assembling the third order terms...
Took	64.38 sec
Computing the std...
Took	0.6972 sec
First-order AAPG results:
Time Step: 0, time: 0, u: 0, u_StDev: 0
Time Step: 100, time: 1, u: 0.4217, u_StDev: 0.1037
Time Step: 200, time: 2, u: 0.6368, u_StDev: 0.06335
Time Step: 300, time: 3, u: 0.1713, u_StDev: 0.1504
Time Step: 400, time: 4, u: 0.3265, u_StDev: 0.2117
Time Step: 500, time: 5, u: 0.6035, u_StDev: 0.1137
Time Step: 600, time: 6, u: 0.3296, u_StDev: 0.1602
Time Step: 700, time: 7, u: 0.3082, u_StDev: 0.2234
Time Step: 800, time: 8, u: 0.5297, u_StDev: 0.1272
Time Step: 900, time: 9, u: 0.432, u_StDev: 0.1648
Time Step: 1000, time: 10, u: 0.3191, u_StDev: 0.2113
Second-order AAPG results:
Time Step: 0, time: 0, u: 0, u_StDev: 0
Time Step: 100, time: 1, u: 0.4217, u_StDev: 0.1034
Time Step: 200, time: 2, u: 0.636, u_StDev: 0.06739
Time Step: 300, time: 3, u: 0.1713, u_StDev: 0.1539
Time Step: 400, time: 4, u: 0.3343, u_StDev: 0.209
Time Step: 500, time: 5, u: 0.5929, u_StDev: 0.132
Time Step: 600, time: 6, u: 0.3219, u_StDev: 0.1839
Time Step: 700, time: 7, u: 0.3269, u_StDev: 0.2061
Time Step: 800, time: 8, u: 0.5164, u_StDev: 0.185
Time Step: 900, time: 9, u: 0.4083, u_StDev: 0.2044
Time Step: 1000, time: 10, u: 0.3563, u_StDev: 0.1806
Third-order AAPG results:
Time Step: 0, time: 0, u: 0, u_StDev: 0
Time Step: 100, time: 1, u: 0.4217, u_StDev: 0.1034
Time Step: 200, time: 2, u: 0.6361, u_StDev: 0.06848
Time Step: 300, time: 3, u: 0.1711, u_StDev: 0.1542
Time Step: 400, time: 4, u: 0.334, u_StDev: 0.2052
Time Step: 500, time: 5, u: 0.6027, u_StDev: 0.1402
Time Step: 600, time: 6, u: 0.3145, u_StDev: 0.1827
Time Step: 700, time: 7, u: 0.3212, u_StDev: 0.2047
Time Step: 800, time: 8, u: 0.5396, u_StDev: 0.1771
Time Step: 900, time: 9, u: 0.3951, u_StDev: 0.1908
Time Step: 1000, time: 10, u: 0.3391, u_StDev: 0.1909
Took	65.98 sec
t_AAPG=0.003345,0.2652,0.6563,6.603
Assemble AAPG cost time 65.98
Data written to 'time30.dat'
 - Number of KL modes:              50
 - Monte Carlo sample size:         100000
 - Will generate covariance of type Exp, with correlation length 1 and standard deviation 0.5
 - Time marching step:              0.01
 - Process end time:                10
 - Dynamical orthogonal AAPG factor:1
 - Nonlinearity parameter:          5
 - Order of GS:                     1
 - Order of GS in AAPG subproblems: 2
 - Order of AAPG:                   3

MCS...

Took	7.695 sec
Time Step: 100, time: 1, u: 0.4153, u_StDev: 0.1021
Time Step: 200, time: 2, u: 0.6405, u_StDev: 0.06785
Time Step: 300, time: 3, u: 0.173, u_StDev: 0.1522
Time Step: 400, time: 4, u: 0.33, u_StDev: 0.2044
Time Step: 500, time: 5, u: 0.6031, u_StDev: 0.1277
Time Step: 600, time: 6, u: 0.3214, u_StDev: 0.1686
Time Step: 700, time: 7, u: 0.3215, u_StDev: 0.2095
Time Step: 800, time: 8, u: 0.529, u_StDev: 0.1608
Time Step: 900, time: 9, u: 0.4082, u_StDev: 0.1749
Time Step: 1000, time: 10, u: 0.3462, u_StDev: 0.1889

Ghanem-Spanos method...
Used level 1 sparse quadrature points for initialization.

Order 1
The number of PC terms in an expansion is 51
Cost time: 0.17
Time Step: 0, time: 0, u: 0, u_StDev: 0
Time Step: 100, time: 1, u: 0.4217, u_StDev: 0.1036
Time Step: 200, time: 2, u: 0.6365, u_StDev: 0.06284
Time Step: 300, time: 3, u: 0.1706, u_StDev: 0.1525
Time Step: 400, time: 4, u: 0.3279, u_StDev: 0.2083
Time Step: 500, time: 5, u: 0.598, u_StDev: 0.1144
Time Step: 600, time: 6, u: 0.324, u_StDev: 0.1666
Time Step: 700, time: 7, u: 0.3168, u_StDev: 0.2113
Time Step: 800, time: 8, u: 0.5209, u_StDev: 0.1391
Time Step: 900, time: 9, u: 0.4156, u_StDev: 0.18
Time Step: 1000, time: 10, u: 0.3406, u_StDev: 0.1888

AAPG...
Used level 2 sparse quadrature points for initialization.
Zeroth-order term...
Took	0.003257 sec
First-order terms...
Took	0.158 sec
Second-order terms...
Took	1.363 sec
Third-order terms...
Took	32.35 sec

Assemble the solutions...
Initializing...	0.0603 sec
Assembling the mean...
Took	0.9388 sec
Assembling the rest...
Computing the index...
Assembling the first order terms...
Assembling the second order terms...
Assembling the third order terms...
Took	885.4 sec
Computing the std...
Took	0.1433 sec
First-order AAPG results:
Time Step: 0, time: 0, u: 0, u_StDev: 0
Time Step: 100, time: 1, u: 0.4217, u_StDev: 0.1037
Time Step: 200, time: 2, u: 0.6368, u_StDev: 0.06336
Time Step: 300, time: 3, u: 0.1713, u_StDev: 0.1504
Time Step: 400, time: 4, u: 0.3265, u_StDev: 0.2117
Time Step: 500, time: 5, u: 0.6035, u_StDev: 0.1137
Time Step: 600, time: 6, u: 0.3296, u_StDev: 0.1602
Time Step: 700, time: 7, u: 0.3082, u_StDev: 0.2234
Time Step: 800, time: 8, u: 0.5297, u_StDev: 0.1272
Time Step: 900, time: 9, u: 0.432, u_StDev: 0.1648
Time Step: 1000, time: 10, u: 0.3191, u_StDev: 0.2113
Second-order AAPG results:
Time Step: 0, time: 0, u: 0, u_StDev: 0
Time Step: 100, time: 1, u: 0.4217, u_StDev: 0.1034
Time Step: 200, time: 2, u: 0.636, u_StDev: 0.0674
Time Step: 300, time: 3, u: 0.1713, u_StDev: 0.1539
Time Step: 400, time: 4, u: 0.3343, u_StDev: 0.209
Time Step: 500, time: 5, u: 0.5929, u_StDev: 0.132
Time Step: 600, time: 6, u: 0.3219, u_StDev: 0.1839
Time Step: 700, time: 7, u: 0.3269, u_StDev: 0.2061
Time Step: 800, time: 8, u: 0.5164, u_StDev: 0.185
Time Step: 900, time: 9, u: 0.4083, u_StDev: 0.2044
Time Step: 1000, time: 10, u: 0.3563, u_StDev: 0.1806
Third-order AAPG results:
Time Step: 0, time: 0, u: 0, u_StDev: 0
Time Step: 100, time: 1, u: 0.4217, u_StDev: 0.1034
Time Step: 200, time: 2, u: 0.6361, u_StDev: 0.06849
Time Step: 300, time: 3, u: 0.1711, u_StDev: 0.1542
Time Step: 400, time: 4, u: 0.334, u_StDev: 0.2052
Time Step: 500, time: 5, u: 0.6027, u_StDev: 0.1402
Time Step: 600, time: 6, u: 0.3145, u_StDev: 0.1827
Time Step: 700, time: 7, u: 0.3212, u_StDev: 0.2047
Time Step: 800, time: 8, u: 0.5396, u_StDev: 0.1771
Time Step: 900, time: 9, u: 0.3951, u_StDev: 0.1908
Time Step: 1000, time: 10, u: 0.3391, u_StDev: 0.1909
Took	886.6 sec
t_AAPG=0.003281,0.158,1.363,32.35
Assemble AAPG cost time 886.6
Data written to 'time50.dat'
 - Number of KL modes:              70
 - Monte Carlo sample size:         100000
 - Will generate covariance of type Exp, with correlation length 1 and standard deviation 0.5
 - Time marching step:              0.01
 - Process end time:                10
 - Dynamical orthogonal AAPG factor:1
 - Nonlinearity parameter:          5
 - Order of GS:                     1
 - Order of GS in AAPG subproblems: 2
 - Order of AAPG:                   2

MCS...

Took	8.766 sec
Time Step: 100, time: 1, u: 0.4145, u_StDev: 0.1016
Time Step: 200, time: 2, u: 0.641, u_StDev: 0.06761
Time Step: 300, time: 3, u: 0.1732, u_StDev: 0.1521
Time Step: 400, time: 4, u: 0.3291, u_StDev: 0.2042
Time Step: 500, time: 5, u: 0.6034, u_StDev: 0.127
Time Step: 600, time: 6, u: 0.3215, u_StDev: 0.1682
Time Step: 700, time: 7, u: 0.3204, u_StDev: 0.2096
Time Step: 800, time: 8, u: 0.5292, u_StDev: 0.1607
Time Step: 900, time: 9, u: 0.4093, u_StDev: 0.1746
Time Step: 1000, time: 10, u: 0.3456, u_StDev: 0.1893

Ghanem-Spanos method...
Used level 1 sparse quadrature points for initialization.

Order 1
The number of PC terms in an expansion is 71
Cost time: 0.23
Time Step: 0, time: 0, u: 0, u_StDev: 0
Time Step: 100, time: 1, u: 0.4217, u_StDev: 0.1036
Time Step: 200, time: 2, u: 0.6365, u_StDev: 0.06284
Time Step: 300, time: 3, u: 0.1706, u_StDev: 0.1525
Time Step: 400, time: 4, u: 0.3279, u_StDev: 0.2083
Time Step: 500, time: 5, u: 0.598, u_StDev: 0.1144
Time Step: 600, time: 6, u: 0.324, u_StDev: 0.1666
Time Step: 700, time: 7, u: 0.3168, u_StDev: 0.2113
Time Step: 800, time: 8, u: 0.5209, u_StDev: 0.1391
Time Step: 900, time: 9, u: 0.4156, u_StDev: 0.18
Time Step: 1000, time: 10, u: 0.3406, u_StDev: 0.1888

AAPG...
Used level 2 sparse quadrature points for initialization.
Zeroth-order term...
Took	0.003268 sec
First-order terms...
Took	0.2294 sec
Second-order terms...
Took	2.905 sec
Third-order terms...
Took	82.8 sec

Assemble the solutions...
Initializing...	0.1359 sec
Assembling the mean...
Took	0.1239 sec
Assembling the rest...
Computing the index...
Assembling the first order terms...
Assembling the second order terms...
Assembling the third order terms...
Took	123.4 sec
Computing the std...
Took	0.149 sec
First-order AAPG results:
Time Step: 0, time: 0, u: 0, u_StDev: 0
Time Step: 100, time: 1, u: 0.4217, u_StDev: 0.1037
Time Step: 200, time: 2, u: 0.6368, u_StDev: 0.06336
Time Step: 300, time: 3, u: 0.1713, u_StDev: 0.1504
Time Step: 400, time: 4, u: 0.3265, u_StDev: 0.2117
Time Step: 500, time: 5, u: 0.6035, u_StDev: 0.1137
Time Step: 600, time: 6, u: 0.3296, u_StDev: 0.1602
Time Step: 700, time: 7, u: 0.3082, u_StDev: 0.2234
Time Step: 800, time: 8, u: 0.5297, u_StDev: 0.1272
Time Step: 900, time: 9, u: 0.432, u_StDev: 0.1648
Time Step: 1000, time: 10, u: 0.3191, u_StDev: 0.2113
Second-order AAPG results:
Time Step: 0, time: 0, u: 0, u_StDev: 0
Time Step: 100, time: 1, u: 0.4217, u_StDev: 0.1034
Time Step: 200, time: 2, u: 0.636, u_StDev: 0.0674
Time Step: 300, time: 3, u: 0.1713, u_StDev: 0.1539
Time Step: 400, time: 4, u: 0.3343, u_StDev: 0.209
Time Step: 500, time: 5, u: 0.5929, u_StDev: 0.132
Time Step: 600, time: 6, u: 0.3219, u_StDev: 0.1839
Time Step: 700, time: 7, u: 0.3269, u_StDev: 0.2061
Time Step: 800, time: 8, u: 0.5164, u_StDev: 0.185
Time Step: 900, time: 9, u: 0.4083, u_StDev: 0.2044
Time Step: 1000, time: 10, u: 0.3563, u_StDev: 0.1806
Third-order AAPG results:
Time Step: 0, time: 0, u: 0, u_StDev: 0
Time Step: 100, time: 1, u: 0.4232, u_StDev: 0.1034
Time Step: 200, time: 2, u: 0.6618, u_StDev: 0.0674
Time Step: 300, time: 3, u: 0.1739, u_StDev: 0.1539
Time Step: 400, time: 4, u: 0.3654, u_StDev: 0.209
Time Step: 500, time: 5, u: 0.6655, u_StDev: 0.132
Time Step: 600, time: 6, u: 0.2946, u_StDev: 0.1839
Time Step: 700, time: 7, u: 0.367, u_StDev: 0.2061
Time Step: 800, time: 8, u: 0.6279, u_StDev: 0.185
Time Step: 900, time: 9, u: 0.367, u_StDev: 0.2044
Time Step: 1000, time: 10, u: 0.3842, u_StDev: 0.1806
Took	123.8 sec
t_AAPG=0.00329,0.2294,2.905,82.8
Assemble AAPG cost time 123.8
Data written to 'time70.dat'
