 - Number of KL modes:              10
 - Monte Carlo sample size:         100000
 - Will generate covariance of type Exp, with correlation length 1 and standard deviation 1
 - Time marching step:              0.01
 - Process end time:                10
 - Dynamical orthogonal AAPG factor:1
 - Nonlinearity parameter:          1
 - Order of GS:                     2
 - Order of GS in AAPG subproblems: 2
 - Order of AAPG:                   3

MCS...

Number of threads in OMP:128
Took	7.021 sec
Time Step: 100, time: 1, u: 0.4215, u_StDev: 0.2101
Time Step: 200, time: 2, u: 0.994, u_StDev: 0.3526
Time Step: 300, time: 3, u: 0.6217, u_StDev: 0.3191
Time Step: 400, time: 4, u: 0.2233, u_StDev: 0.4618
Time Step: 500, time: 5, u: 0.4073, u_StDev: 0.4838
Time Step: 600, time: 6, u: 0.7462, u_StDev: 0.4508
Time Step: 700, time: 7, u: 0.6215, u_StDev: 0.4304
Time Step: 800, time: 8, u: 0.3669, u_StDev: 0.4945
Time Step: 900, time: 9, u: 0.4241, u_StDev: 0.5155
Time Step: 1000, time: 10, u: 0.6245, u_StDev: 0.4863

Ghanem-Spanos method...
Used level 1 sparse quadrature points for initialization.

Took	0.000622 sec
Order 1
The number of PC terms in an expansion is 11
Cost time: 0.04
Time Step: 0, time: 0, u: 0, u_StDev: 0
Time Step: 100, time: 1, u: 0.4283, u_StDev: 0.2136
Time Step: 200, time: 2, u: 0.9887, u_StDev: 0.342
Time Step: 300, time: 3, u: 0.6185, u_StDev: 0.332
Time Step: 400, time: 4, u: 0.2165, u_StDev: 0.494
Time Step: 500, time: 5, u: 0.3677, u_StDev: 0.5191
Time Step: 600, time: 6, u: 0.6891, u_StDev: 0.4823
Time Step: 700, time: 7, u: 0.6046, u_StDev: 0.4581
Time Step: 800, time: 8, u: 0.3664, u_StDev: 0.5402
Time Step: 900, time: 9, u: 0.3722, u_StDev: 0.5558
Time Step: 1000, time: 10, u: 0.5454, u_StDev: 0.5452
Used level 2 sparse quadrature points for initialization.

Took	0.1735 sec
Order 2
The number of PC terms in an expansion is 66
Cost time: 0.29
Time Step: 0, time: 0, u: 0, u_StDev: 0
Time Step: 100, time: 1, u: 0.4283, u_StDev: 0.2133
Time Step: 200, time: 2, u: 0.9934, u_StDev: 0.3542
Time Step: 300, time: 3, u: 0.611, u_StDev: 0.3103
Time Step: 400, time: 4, u: 0.2201, u_StDev: 0.4718
Time Step: 500, time: 5, u: 0.4124, u_StDev: 0.488
Time Step: 600, time: 6, u: 0.7505, u_StDev: 0.4582
Time Step: 700, time: 7, u: 0.6124, u_StDev: 0.4481
Time Step: 800, time: 8, u: 0.3601, u_StDev: 0.5091
Time Step: 900, time: 9, u: 0.4211, u_StDev: 0.5263
Time Step: 1000, time: 10, u: 0.6264, u_StDev: 0.5042

AAPG...
Used level 2 sparse quadrature points for initialization.
Took	0.008417 sec
Zeroth-order term...
Took	0.005011 sec
First-order terms...
Took	0.04095 sec
Second-order terms...
Took	0.113 sec
Third-order terms...
Took	0.2167 sec

Assemble the solutions...
Initialization Took	0.001756 sec
Assembling the mean...
Assemble mean took	0.006963 sec
Assembling the rest...
Computing the index...
Assembling the first order terms...
Assembling the second order terms...
Assembling the third order terms...
Assemble rest took	0.2195 sec
Computing the std...
Compute std took	0.007421 sec
First-order AAPG results:
Time Step: 0, time: 0, u: 0, u_StDev: 0
Time Step: 100, time: 1, u: 0.4283, u_StDev: 0.2138
Time Step: 200, time: 2, u: 0.9867, u_StDev: 0.3439
Time Step: 300, time: 3, u: 0.625, u_StDev: 0.3279
Time Step: 400, time: 4, u: 0.2244, u_StDev: 0.4745
Time Step: 500, time: 5, u: 0.3541, u_StDev: 0.537
Time Step: 600, time: 6, u: 0.6388, u_StDev: 0.448
Time Step: 700, time: 7, u: 0.6613, u_StDev: 0.4322
Time Step: 800, time: 8, u: 0.4393, u_StDev: 0.5108
Time Step: 900, time: 9, u: 0.3523, u_StDev: 0.5648
Time Step: 1000, time: 10, u: 0.4444, u_StDev: 0.4827
Second-order AAPG results:
Time Step: 0, time: 0, u: 0, u_StDev: 0
Time Step: 100, time: 1, u: 0.4283, u_StDev: 0.2133
Time Step: 200, time: 2, u: 0.9938, u_StDev: 0.3569
Time Step: 300, time: 3, u: 0.6057, u_StDev: 0.3141
Time Step: 400, time: 4, u: 0.2225, u_StDev: 0.4865
Time Step: 500, time: 5, u: 0.4302, u_StDev: 0.5013
Time Step: 600, time: 6, u: 0.7899, u_StDev: 0.5141
Time Step: 700, time: 7, u: 0.5486, u_StDev: 0.4566
Time Step: 800, time: 8, u: 0.3211, u_StDev: 0.542
Time Step: 900, time: 9, u: 0.4587, u_StDev: 0.5162
Time Step: 1000, time: 10, u: 0.7131, u_StDev: 0.5975
Third-order AAPG results:
Time Step: 0, time: 0, u: 0, u_StDev: 0
Time Step: 100, time: 1, u: 0.4283, u_StDev: 0.2133
Time Step: 200, time: 2, u: 0.9935, u_StDev: 0.3531
Time Step: 300, time: 3, u: 0.6111, u_StDev: 0.3318
Time Step: 400, time: 4, u: 0.2178, u_StDev: 0.4787
Time Step: 500, time: 5, u: 0.4203, u_StDev: 0.473
Time Step: 600, time: 6, u: 0.7676, u_StDev: 0.4422
Time Step: 700, time: 7, u: 0.6352, u_StDev: 0.4798
Time Step: 800, time: 8, u: 0.3285, u_StDev: 0.5419
Time Step: 900, time: 9, u: 0.4071, u_StDev: 0.562
Time Step: 1000, time: 10, u: 0.6351, u_StDev: 0.4798
Took	0.2432 sec
t_AAPG=0.005015,0.04096,0.1131,0.2169
Assemble AAPG cost time 0.2432
Data written to 'time10.dat'
 - Number of KL modes:              20
 - Monte Carlo sample size:         100000
 - Will generate covariance of type Exp, with correlation length 1 and standard deviation 1
 - Time marching step:              0.01
 - Process end time:                10
 - Dynamical orthogonal AAPG factor:1
 - Nonlinearity parameter:          1
 - Order of GS:                     2
 - Order of GS in AAPG subproblems: 2
 - Order of AAPG:                   3

MCS...

Number of threads in OMP:128
Took	7.676 sec
Time Step: 100, time: 1, u: 0.4214, u_StDev: 0.2131
Time Step: 200, time: 2, u: 0.9932, u_StDev: 0.3528
Time Step: 300, time: 3, u: 0.6195, u_StDev: 0.3204
Time Step: 400, time: 4, u: 0.2213, u_StDev: 0.4627
Time Step: 500, time: 5, u: 0.4088, u_StDev: 0.4839
Time Step: 600, time: 6, u: 0.7497, u_StDev: 0.4498
Time Step: 700, time: 7, u: 0.6197, u_StDev: 0.4322
Time Step: 800, time: 8, u: 0.3622, u_StDev: 0.4963
Time Step: 900, time: 9, u: 0.423, u_StDev: 0.5169
Time Step: 1000, time: 10, u: 0.6259, u_StDev: 0.4865

Ghanem-Spanos method...
Used level 1 sparse quadrature points for initialization.

Took	0.00265 sec
Order 1
The number of PC terms in an expansion is 21
Cost time: 0.09
Time Step: 0, time: 0, u: 0, u_StDev: 0
Time Step: 100, time: 1, u: 0.4282, u_StDev: 0.2166
Time Step: 200, time: 2, u: 0.9882, u_StDev: 0.3426
Time Step: 300, time: 3, u: 0.6184, u_StDev: 0.3325
Time Step: 400, time: 4, u: 0.2166, u_StDev: 0.4942
Time Step: 500, time: 5, u: 0.3677, u_StDev: 0.5193
Time Step: 600, time: 6, u: 0.6888, u_StDev: 0.4827
Time Step: 700, time: 7, u: 0.6043, u_StDev: 0.4586
Time Step: 800, time: 8, u: 0.3662, u_StDev: 0.5405
Time Step: 900, time: 9, u: 0.3722, u_StDev: 0.556
Time Step: 1000, time: 10, u: 0.5454, u_StDev: 0.5455
Used level 2 sparse quadrature points for initialization.

Took	25.88 sec
Order 2
The number of PC terms in an expansion is 231
Cost time: 1.45
Time Step: 0, time: 0, u: 0, u_StDev: 0
Time Step: 100, time: 1, u: 0.4282, u_StDev: 0.2163
Time Step: 200, time: 2, u: 0.993, u_StDev: 0.3544
Time Step: 300, time: 3, u: 0.6124, u_StDev: 0.3161
Time Step: 400, time: 4, u: 0.223, u_StDev: 0.4736
Time Step: 500, time: 5, u: 0.4166, u_StDev: 0.4835
Time Step: 600, time: 6, u: 0.7569, u_StDev: 0.4542
Time Step: 700, time: 7, u: 0.615, u_StDev: 0.4413
Time Step: 800, time: 8, u: 0.3551, u_StDev: 0.5186
Time Step: 900, time: 9, u: 0.4245, u_StDev: 0.5273
Time Step: 1000, time: 10, u: 0.6364, u_StDev: 0.4962

AAPG...
Used level 2 sparse quadrature points for initialization.
Took	0.1676 sec
Zeroth-order term...
Took	0.004942 sec
First-order terms...
Took	0.03239 sec
Second-order terms...
Took	0.2445 sec
Third-order terms...
Took	1.77 sec

Assemble the solutions...
Initialization Took	0.006635 sec
Assembling the mean...
Assemble mean took	0.0558 sec
Assembling the rest...
Computing the index...
Assembling the first order terms...
Assembling the second order terms...
Assembling the third order terms...
Assemble rest took	11.47 sec
Computing the std...
Compute std took	0.01111 sec
First-order AAPG results:
Time Step: 0, time: 0, u: 0, u_StDev: 0
Time Step: 100, time: 1, u: 0.4282, u_StDev: 0.2168
Time Step: 200, time: 2, u: 0.9861, u_StDev: 0.3444
Time Step: 300, time: 3, u: 0.6251, u_StDev: 0.3286
Time Step: 400, time: 4, u: 0.2245, u_StDev: 0.4747
Time Step: 500, time: 5, u: 0.354, u_StDev: 0.5372
Time Step: 600, time: 6, u: 0.6384, u_StDev: 0.4483
Time Step: 700, time: 7, u: 0.6611, u_StDev: 0.433
Time Step: 800, time: 8, u: 0.439, u_StDev: 0.5112
Time Step: 900, time: 9, u: 0.352, u_StDev: 0.565
Time Step: 1000, time: 10, u: 0.4443, u_StDev: 0.4831
Second-order AAPG results:
Time Step: 0, time: 0, u: 0, u_StDev: 0
Time Step: 100, time: 1, u: 0.4282, u_StDev: 0.2162
Time Step: 200, time: 2, u: 0.9933, u_StDev: 0.3575
Time Step: 300, time: 3, u: 0.6056, u_StDev: 0.3151
Time Step: 400, time: 4, u: 0.2224, u_StDev: 0.4868
Time Step: 500, time: 5, u: 0.4299, u_StDev: 0.5018
Time Step: 600, time: 6, u: 0.7896, u_StDev: 0.5147
Time Step: 700, time: 7, u: 0.5483, u_StDev: 0.4572
Time Step: 800, time: 8, u: 0.3207, u_StDev: 0.5429
Time Step: 900, time: 9, u: 0.4582, u_StDev: 0.5173
Time Step: 1000, time: 10, u: 0.7125, u_StDev: 0.5983
Third-order AAPG results:
Time Step: 0, time: 0, u: 0, u_StDev: 0
Time Step: 100, time: 1, u: 0.4282, u_StDev: 0.2163
Time Step: 200, time: 2, u: 0.9931, u_StDev: 0.3536
Time Step: 300, time: 3, u: 0.611, u_StDev: 0.3327
Time Step: 400, time: 4, u: 0.2178, u_StDev: 0.4789
Time Step: 500, time: 5, u: 0.4201, u_StDev: 0.4734
Time Step: 600, time: 6, u: 0.7673, u_StDev: 0.4427
Time Step: 700, time: 7, u: 0.6349, u_StDev: 0.4807
Time Step: 800, time: 8, u: 0.328, u_StDev: 0.5422
Time Step: 900, time: 9, u: 0.4068, u_StDev: 0.5623
Time Step: 1000, time: 10, u: 0.6352, u_StDev: 0.4804
Took	11.56 sec
t_AAPG=0.004946,0.03242,0.2446,1.77
Assemble AAPG cost time 11.56
Data written to 'time20.dat'
 - Number of KL modes:              30
 - Monte Carlo sample size:         100000
 - Will generate covariance of type Exp, with correlation length 1 and standard deviation 1
 - Time marching step:              0.01
 - Process end time:                10
 - Dynamical orthogonal AAPG factor:1
 - Nonlinearity parameter:          1
 - Order of GS:                     2
 - Order of GS in AAPG subproblems: 2
 - Order of AAPG:                   3

MCS...

Number of threads in OMP:128
Took	7.408 sec
Time Step: 100, time: 1, u: 0.4203, u_StDev: 0.2134
Time Step: 200, time: 2, u: 0.9918, u_StDev: 0.3535
Time Step: 300, time: 3, u: 0.6207, u_StDev: 0.3209
Time Step: 400, time: 4, u: 0.2226, u_StDev: 0.4623
Time Step: 500, time: 5, u: 0.4074, u_StDev: 0.4826
Time Step: 600, time: 6, u: 0.748, u_StDev: 0.4513
Time Step: 700, time: 7, u: 0.6219, u_StDev: 0.4296
Time Step: 800, time: 8, u: 0.3655, u_StDev: 0.495
Time Step: 900, time: 9, u: 0.4226, u_StDev: 0.5148
Time Step: 1000, time: 10, u: 0.6253, u_StDev: 0.4882

Ghanem-Spanos method...
Used level 1 sparse quadrature points for initialization.

Took	0.00831 sec
Order 1
The number of PC terms in an expansion is 31
Cost time: 0.12
Time Step: 0, time: 0, u: 0, u_StDev: 0
Time Step: 100, time: 1, u: 0.4282, u_StDev: 0.2167
Time Step: 200, time: 2, u: 0.9882, u_StDev: 0.3426
Time Step: 300, time: 3, u: 0.6184, u_StDev: 0.3326
Time Step: 400, time: 4, u: 0.2166, u_StDev: 0.4942
Time Step: 500, time: 5, u: 0.3677, u_StDev: 0.5193
Time Step: 600, time: 6, u: 0.6888, u_StDev: 0.4827
Time Step: 700, time: 7, u: 0.6043, u_StDev: 0.4586
Time Step: 800, time: 8, u: 0.3662, u_StDev: 0.5405
Time Step: 900, time: 9, u: 0.3722, u_StDev: 0.5561
Time Step: 1000, time: 10, u: 0.5454, u_StDev: 0.5455
Used level 2 sparse quadrature points for initialization.

Took	566.6 sec
Order 2
The number of PC terms in an expansion is 496
Cost time: 4.67
Time Step: 0, time: 0, u: 0, u_StDev: 0
Time Step: 100, time: 1, u: 0.4282, u_StDev: 0.2163
Time Step: 200, time: 2, u: 0.993, u_StDev: 0.3543
Time Step: 300, time: 3, u: 0.6132, u_StDev: 0.3148
Time Step: 400, time: 4, u: 0.2228, u_StDev: 0.4766
Time Step: 500, time: 5, u: 0.4172, u_StDev: 0.481
Time Step: 600, time: 6, u: 0.7583, u_StDev: 0.461
Time Step: 700, time: 7, u: 0.6134, u_StDev: 0.4351
Time Step: 800, time: 8, u: 0.355, u_StDev: 0.52
Time Step: 900, time: 9, u: 0.4257, u_StDev: 0.5281
Time Step: 1000, time: 10, u: 0.6392, u_StDev: 0.4933

AAPG...
Used level 2 sparse quadrature points for initialization.
Took	2.212 sec
Zeroth-order term...
Took	0.004971 sec
First-order terms...
Took	0.03904 sec
Second-order terms...
Took	0.4603 sec
Third-order terms...
Took	6.199 sec

Assemble the solutions...
Initialization Took	0.02007 sec
Assembling the mean...
Assemble mean took	0.1791 sec
Assembling the rest...
Computing the index...
Assembling the first order terms...
Assembling the second order terms...
Assembling the third order terms...
Assemble rest took	99.84 sec
Computing the std...
Compute std took	0.05043 sec
First-order AAPG results:
Time Step: 0, time: 0, u: 0, u_StDev: 0
Time Step: 100, time: 1, u: 0.4282, u_StDev: 0.2168
Time Step: 200, time: 2, u: 0.9861, u_StDev: 0.3444
Time Step: 300, time: 3, u: 0.6251, u_StDev: 0.3286
Time Step: 400, time: 4, u: 0.2245, u_StDev: 0.4747
Time Step: 500, time: 5, u: 0.354, u_StDev: 0.5372
Time Step: 600, time: 6, u: 0.6384, u_StDev: 0.4484
Time Step: 700, time: 7, u: 0.6611, u_StDev: 0.433
Time Step: 800, time: 8, u: 0.439, u_StDev: 0.5112
Time Step: 900, time: 9, u: 0.352, u_StDev: 0.565
Time Step: 1000, time: 10, u: 0.4443, u_StDev: 0.4831
Second-order AAPG results:
Time Step: 0, time: 0, u: 0, u_StDev: 0
Time Step: 100, time: 1, u: 0.4282, u_StDev: 0.2163
Time Step: 200, time: 2, u: 0.9933, u_StDev: 0.3575
Time Step: 300, time: 3, u: 0.6056, u_StDev: 0.3151
Time Step: 400, time: 4, u: 0.2224, u_StDev: 0.4868
Time Step: 500, time: 5, u: 0.4299, u_StDev: 0.5018
Time Step: 600, time: 6, u: 0.7896, u_StDev: 0.5147
Time Step: 700, time: 7, u: 0.5483, u_StDev: 0.4572
Time Step: 800, time: 8, u: 0.3207, u_StDev: 0.5429
Time Step: 900, time: 9, u: 0.4582, u_StDev: 0.5173
Time Step: 1000, time: 10, u: 0.7125, u_StDev: 0.5983
Third-order AAPG results:
Time Step: 0, time: 0, u: 0, u_StDev: 0
Time Step: 100, time: 1, u: 0.4282, u_StDev: 0.2163
Time Step: 200, time: 2, u: 0.9931, u_StDev: 0.3536
Time Step: 300, time: 3, u: 0.611, u_StDev: 0.3327
Time Step: 400, time: 4, u: 0.2178, u_StDev: 0.4789
Time Step: 500, time: 5, u: 0.4201, u_StDev: 0.4734
Time Step: 600, time: 6, u: 0.7673, u_StDev: 0.4427
Time Step: 700, time: 7, u: 0.6349, u_StDev: 0.4807
Time Step: 800, time: 8, u: 0.328, u_StDev: 0.5422
Time Step: 900, time: 9, u: 0.4068, u_StDev: 0.5623
Time Step: 1000, time: 10, u: 0.6351, u_StDev: 0.4805
Took	100.1 sec
t_AAPG=0.004976,0.03905,0.4603,6.199
Assemble AAPG cost time 100.1
Data written to 'time30.dat'
 - Number of KL modes:              40
 - Monte Carlo sample size:         100000
 - Will generate covariance of type Exp, with correlation length 1 and standard deviation 1
 - Time marching step:              0.01
 - Process end time:                10
 - Dynamical orthogonal AAPG factor:1
 - Nonlinearity parameter:          1
 - Order of GS:                     1
 - Order of GS in AAPG subproblems: 2
 - Order of AAPG:                   3

MCS...

Number of threads in OMP:128
Took	8.036 sec
Time Step: 100, time: 1, u: 0.4213, u_StDev: 0.213
Time Step: 200, time: 2, u: 0.9932, u_StDev: 0.3526
Time Step: 300, time: 3, u: 0.6187, u_StDev: 0.3205
Time Step: 400, time: 4, u: 0.22, u_StDev: 0.4639
Time Step: 500, time: 5, u: 0.4071, u_StDev: 0.4834
Time Step: 600, time: 6, u: 0.7496, u_StDev: 0.45
Time Step: 700, time: 7, u: 0.6206, u_StDev: 0.4309
Time Step: 800, time: 8, u: 0.3614, u_StDev: 0.4953
Time Step: 900, time: 9, u: 0.4219, u_StDev: 0.5172
Time Step: 1000, time: 10, u: 0.6265, u_StDev: 0.4866

Ghanem-Spanos method...
Used level 1 sparse quadrature points for initialization.

Took	0.02032 sec
Order 1
The number of PC terms in an expansion is 41
Cost time: 0.18
Time Step: 0, time: 0, u: 0, u_StDev: 0
Time Step: 100, time: 1, u: 0.4282, u_StDev: 0.2167
Time Step: 200, time: 2, u: 0.9882, u_StDev: 0.3426
Time Step: 300, time: 3, u: 0.6184, u_StDev: 0.3326
Time Step: 400, time: 4, u: 0.2166, u_StDev: 0.4942
Time Step: 500, time: 5, u: 0.3677, u_StDev: 0.5193
Time Step: 600, time: 6, u: 0.6888, u_StDev: 0.4827
Time Step: 700, time: 7, u: 0.6043, u_StDev: 0.4586
Time Step: 800, time: 8, u: 0.3662, u_StDev: 0.5405
Time Step: 900, time: 9, u: 0.3722, u_StDev: 0.5561
Time Step: 1000, time: 10, u: 0.5454, u_StDev: 0.5455

AAPG...
Used level 2 sparse quadrature points for initialization.
Took	9.924 sec
Zeroth-order term...
Took	0.005004 sec
First-order terms...
Took	0.04078 sec
Second-order terms...
Took	0.8239 sec
Third-order terms...
Took	15.22 sec

Assemble the solutions...
Initialization Took	0.04247 sec
Assembling the mean...
Assemble mean took	0.4243 sec
Assembling the rest...
Computing the index...
Assembling the first order terms...
Assembling the second order terms...
Assembling the third order terms...
Assemble rest took	285.9 sec
Computing the std...
Compute std took	0.029 sec
First-order AAPG results:
Time Step: 0, time: 0, u: 0, u_StDev: 0
Time Step: 100, time: 1, u: 0.4282, u_StDev: 0.2168
Time Step: 200, time: 2, u: 0.9861, u_StDev: 0.3444
Time Step: 300, time: 3, u: 0.6251, u_StDev: 0.3286
Time Step: 400, time: 4, u: 0.2245, u_StDev: 0.4747
Time Step: 500, time: 5, u: 0.354, u_StDev: 0.5372
Time Step: 600, time: 6, u: 0.6384, u_StDev: 0.4484
Time Step: 700, time: 7, u: 0.6611, u_StDev: 0.433
Time Step: 800, time: 8, u: 0.439, u_StDev: 0.5112
Time Step: 900, time: 9, u: 0.352, u_StDev: 0.565
Time Step: 1000, time: 10, u: 0.4443, u_StDev: 0.4831
Second-order AAPG results:
Time Step: 0, time: 0, u: 0, u_StDev: 0
Time Step: 100, time: 1, u: 0.4282, u_StDev: 0.2163
Time Step: 200, time: 2, u: 0.9933, u_StDev: 0.3575
Time Step: 300, time: 3, u: 0.6056, u_StDev: 0.3151
Time Step: 400, time: 4, u: 0.2224, u_StDev: 0.4868
Time Step: 500, time: 5, u: 0.4299, u_StDev: 0.5018
Time Step: 600, time: 6, u: 0.7896, u_StDev: 0.5147
Time Step: 700, time: 7, u: 0.5483, u_StDev: 0.4572
Time Step: 800, time: 8, u: 0.3207, u_StDev: 0.5429
Time Step: 900, time: 9, u: 0.4582, u_StDev: 0.5173
Time Step: 1000, time: 10, u: 0.7125, u_StDev: 0.5983
Third-order AAPG results:
Time Step: 0, time: 0, u: 0, u_StDev: 0
Time Step: 100, time: 1, u: 0.4282, u_StDev: 0.2163
Time Step: 200, time: 2, u: 0.9931, u_StDev: 0.3536
Time Step: 300, time: 3, u: 0.611, u_StDev: 0.3327
Time Step: 400, time: 4, u: 0.2178, u_StDev: 0.4789
Time Step: 500, time: 5, u: 0.4201, u_StDev: 0.4734
Time Step: 600, time: 6, u: 0.7673, u_StDev: 0.4427
Time Step: 700, time: 7, u: 0.6349, u_StDev: 0.4807
Time Step: 800, time: 8, u: 0.328, u_StDev: 0.5422
Time Step: 900, time: 9, u: 0.4068, u_StDev: 0.5623
Time Step: 1000, time: 10, u: 0.6351, u_StDev: 0.4805
Took	286.5 sec
t_AAPG=0.00501,0.04083,0.824,15.22
Assemble AAPG cost time 286.5
Data written to 'time40.dat'
 - Number of KL modes:              50
 - Monte Carlo sample size:         100000
 - Will generate covariance of type Exp, with correlation length 1 and standard deviation 1
 - Time marching step:              0.01
 - Process end time:                10
 - Dynamical orthogonal AAPG factor:1
 - Nonlinearity parameter:          1
 - Order of GS:                     1
 - Order of GS in AAPG subproblems: 2
 - Order of AAPG:                   3

MCS...

Number of threads in OMP:128
Took	7.646 sec
Time Step: 100, time: 1, u: 0.4219, u_StDev: 0.2131
Time Step: 200, time: 2, u: 0.9929, u_StDev: 0.3531
Time Step: 300, time: 3, u: 0.6193, u_StDev: 0.3209
Time Step: 400, time: 4, u: 0.2212, u_StDev: 0.4625
Time Step: 500, time: 5, u: 0.4081, u_StDev: 0.4846
Time Step: 600, time: 6, u: 0.7492, u_StDev: 0.4492
Time Step: 700, time: 7, u: 0.6208, u_StDev: 0.4315
Time Step: 800, time: 8, u: 0.3618, u_StDev: 0.4965
Time Step: 900, time: 9, u: 0.4205, u_StDev: 0.5155
Time Step: 1000, time: 10, u: 0.627, u_StDev: 0.4872

Ghanem-Spanos method...
Used level 1 sparse quadrature points for initialization.

Took	0.04293 sec
Order 1
The number of PC terms in an expansion is 51
Cost time: 0.19
Time Step: 0, time: 0, u: 0, u_StDev: 0
Time Step: 100, time: 1, u: 0.4282, u_StDev: 0.2167
Time Step: 200, time: 2, u: 0.9882, u_StDev: 0.3426
Time Step: 300, time: 3, u: 0.6184, u_StDev: 0.3326
Time Step: 400, time: 4, u: 0.2166, u_StDev: 0.4942
Time Step: 500, time: 5, u: 0.3677, u_StDev: 0.5193
Time Step: 600, time: 6, u: 0.6888, u_StDev: 0.4827
Time Step: 700, time: 7, u: 0.6043, u_StDev: 0.4586
Time Step: 800, time: 8, u: 0.3662, u_StDev: 0.5405
Time Step: 900, time: 9, u: 0.3722, u_StDev: 0.5561
Time Step: 1000, time: 10, u: 0.5454, u_StDev: 0.5455

AAPG...
Used level 2 sparse quadrature points for initialization.
Took	28.77 sec
Zeroth-order term...
Took	0.004996 sec
First-order terms...
Took	0.05863 sec
Second-order terms...
Took	1.295 sec
Third-order terms...
Took	30.35 sec

Assemble the solutions...
Initialization Took	0.09243 sec
Assembling the mean...
Assemble mean took	1.032 sec
Assembling the rest...
Computing the index...
Assembling the first order terms...
Assembling the second order terms...
Assembling the third order terms...
Assemble rest took	1514 sec
Computing the std...
Compute std took	0.04254 sec
First-order AAPG results:
Time Step: 0, time: 0, u: 0, u_StDev: 0
Time Step: 100, time: 1, u: 0.4282, u_StDev: 0.2168
Time Step: 200, time: 2, u: 0.9861, u_StDev: 0.3444
Time Step: 300, time: 3, u: 0.6251, u_StDev: 0.3286
Time Step: 400, time: 4, u: 0.2245, u_StDev: 0.4747
Time Step: 500, time: 5, u: 0.354, u_StDev: 0.5372
Time Step: 600, time: 6, u: 0.6384, u_StDev: 0.4484
Time Step: 700, time: 7, u: 0.6611, u_StDev: 0.433
Time Step: 800, time: 8, u: 0.439, u_StDev: 0.5112
Time Step: 900, time: 9, u: 0.352, u_StDev: 0.565
Time Step: 1000, time: 10, u: 0.4443, u_StDev: 0.4831
Second-order AAPG results:
Time Step: 0, time: 0, u: 0, u_StDev: 0
Time Step: 100, time: 1, u: 0.4282, u_StDev: 0.2163
Time Step: 200, time: 2, u: 0.9933, u_StDev: 0.3575
Time Step: 300, time: 3, u: 0.6056, u_StDev: 0.3151
Time Step: 400, time: 4, u: 0.2224, u_StDev: 0.4868
Time Step: 500, time: 5, u: 0.4299, u_StDev: 0.5018
Time Step: 600, time: 6, u: 0.7896, u_StDev: 0.5147
Time Step: 700, time: 7, u: 0.5483, u_StDev: 0.4572
Time Step: 800, time: 8, u: 0.3207, u_StDev: 0.5429
Time Step: 900, time: 9, u: 0.4582, u_StDev: 0.5173
Time Step: 1000, time: 10, u: 0.7125, u_StDev: 0.5983
Third-order AAPG results:
Time Step: 0, time: 0, u: 0, u_StDev: 0
Time Step: 100, time: 1, u: 0.4282, u_StDev: 0.2163
Time Step: 200, time: 2, u: 0.9931, u_StDev: 0.3536
Time Step: 300, time: 3, u: 0.611, u_StDev: 0.3327
Time Step: 400, time: 4, u: 0.2178, u_StDev: 0.4789
Time Step: 500, time: 5, u: 0.4201, u_StDev: 0.4734
Time Step: 600, time: 6, u: 0.7673, u_StDev: 0.4427
Time Step: 700, time: 7, u: 0.6349, u_StDev: 0.4807
Time Step: 800, time: 8, u: 0.328, u_StDev: 0.5422
Time Step: 900, time: 9, u: 0.4068, u_StDev: 0.5623
Time Step: 1000, time: 10, u: 0.6351, u_StDev: 0.4805
Took	1515 sec
t_AAPG=0.005001,0.05864,1.295,30.35
Assemble AAPG cost time 1515
Data written to 'time50.dat'
 - Number of KL modes:              60
 - Monte Carlo sample size:         100000
 - Will generate covariance of type Exp, with correlation length 1 and standard deviation 1
 - Time marching step:              0.01
 - Process end time:                10
 - Dynamical orthogonal AAPG factor:1
 - Nonlinearity parameter:          1
 - Order of GS:                     1
 - Order of GS in AAPG subproblems: 2
 - Order of AAPG:                   3

MCS...

Number of threads in OMP:128
Took	8.653 sec
Time Step: 100, time: 1, u: 0.4203, u_StDev: 0.2139
Time Step: 200, time: 2, u: 0.9907, u_StDev: 0.3546
Time Step: 300, time: 3, u: 0.6198, u_StDev: 0.3209
Time Step: 400, time: 4, u: 0.2222, u_StDev: 0.4633
Time Step: 500, time: 5, u: 0.4069, u_StDev: 0.4826
Time Step: 600, time: 6, u: 0.7474, u_StDev: 0.4508
Time Step: 700, time: 7, u: 0.6212, u_StDev: 0.4315
Time Step: 800, time: 8, u: 0.3641, u_StDev: 0.4953
Time Step: 900, time: 9, u: 0.4217, u_StDev: 0.5158
Time Step: 1000, time: 10, u: 0.6252, u_StDev: 0.4882

Ghanem-Spanos method...
Used level 1 sparse quadrature points for initialization.

Took	0.08273 sec
Order 1
The number of PC terms in an expansion is 61
Cost time: 0.23
Time Step: 0, time: 0, u: 0, u_StDev: 0
Time Step: 100, time: 1, u: 0.4282, u_StDev: 0.2167
Time Step: 200, time: 2, u: 0.9882, u_StDev: 0.3426
Time Step: 300, time: 3, u: 0.6184, u_StDev: 0.3326
Time Step: 400, time: 4, u: 0.2166, u_StDev: 0.4942
Time Step: 500, time: 5, u: 0.3677, u_StDev: 0.5193
Time Step: 600, time: 6, u: 0.6888, u_StDev: 0.4827
Time Step: 700, time: 7, u: 0.6043, u_StDev: 0.4586
Time Step: 800, time: 8, u: 0.3662, u_StDev: 0.5405
Time Step: 900, time: 9, u: 0.3722, u_StDev: 0.5561
Time Step: 1000, time: 10, u: 0.5454, u_StDev: 0.5455

AAPG...
Used level 2 sparse quadrature points for initialization.
Took	102.3 sec
Zeroth-order term...
Took	0.004924 sec
First-order terms...
Took	0.05864 sec
Second-order terms...
Took	1.837 sec
Third-order terms...
Took	55.26 sec

Assemble the solutions...
Initialization Took	0.122 sec
Assembling the mean...
Assemble mean took	1.446 sec
Assembling the rest...
Computing the index...
Assembling the first order terms...
Assembling the second order terms...
Assembling the third order terms...
Assemble rest took	4089 sec
Computing the std...
Compute std took	0.05973 sec
First-order AAPG results:
Time Step: 0, time: 0, u: 0, u_StDev: 0
Time Step: 100, time: 1, u: 0.4282, u_StDev: 0.2168
Time Step: 200, time: 2, u: 0.9861, u_StDev: 0.3444
Time Step: 300, time: 3, u: 0.6251, u_StDev: 0.3286
Time Step: 400, time: 4, u: 0.2245, u_StDev: 0.4747
Time Step: 500, time: 5, u: 0.354, u_StDev: 0.5372
Time Step: 600, time: 6, u: 0.6384, u_StDev: 0.4484
Time Step: 700, time: 7, u: 0.6611, u_StDev: 0.433
Time Step: 800, time: 8, u: 0.439, u_StDev: 0.5112
Time Step: 900, time: 9, u: 0.352, u_StDev: 0.565
Time Step: 1000, time: 10, u: 0.4443, u_StDev: 0.4831
Second-order AAPG results:
Time Step: 0, time: 0, u: 0, u_StDev: 0
Time Step: 100, time: 1, u: 0.4282, u_StDev: 0.2163
Time Step: 200, time: 2, u: 0.9933, u_StDev: 0.3575
Time Step: 300, time: 3, u: 0.6056, u_StDev: 0.3151
Time Step: 400, time: 4, u: 0.2224, u_StDev: 0.4868
Time Step: 500, time: 5, u: 0.4299, u_StDev: 0.5018
Time Step: 600, time: 6, u: 0.7896, u_StDev: 0.5147
Time Step: 700, time: 7, u: 0.5483, u_StDev: 0.4572
Time Step: 800, time: 8, u: 0.3207, u_StDev: 0.5429
Time Step: 900, time: 9, u: 0.4582, u_StDev: 0.5173
Time Step: 1000, time: 10, u: 0.7125, u_StDev: 0.5983
Third-order AAPG results:
Time Step: 0, time: 0, u: 0, u_StDev: 0
Time Step: 100, time: 1, u: 0.4282, u_StDev: 0.2163
Time Step: 200, time: 2, u: 0.9931, u_StDev: 0.3536
Time Step: 300, time: 3, u: 0.611, u_StDev: 0.3327
Time Step: 400, time: 4, u: 0.2178, u_StDev: 0.4789
Time Step: 500, time: 5, u: 0.4201, u_StDev: 0.4734
Time Step: 600, time: 6, u: 0.7673, u_StDev: 0.4427
Time Step: 700, time: 7, u: 0.6349, u_StDev: 0.4807
Time Step: 800, time: 8, u: 0.328, u_StDev: 0.5422
Time Step: 900, time: 9, u: 0.4068, u_StDev: 0.5623
Time Step: 1000, time: 10, u: 0.6351, u_StDev: 0.4805
Took	4090 sec
t_AAPG=0.004928,0.0587,1.837,55.26
Assemble AAPG cost time 4090
Data written to 'time60.dat'
 - Number of KL modes:              70
 - Monte Carlo sample size:         100000
 - Will generate covariance of type Exp, with correlation length 1 and standard deviation 1
 - Time marching step:              0.01
 - Process end time:                10
 - Dynamical orthogonal AAPG factor:1
 - Nonlinearity parameter:          1
 - Order of GS:                     1
 - Order of GS in AAPG subproblems: 2
 - Order of AAPG:                   3

MCS...

Number of threads in OMP:128
Took	7.959 sec
Time Step: 100, time: 1, u: 0.4203, u_StDev: 0.212
Time Step: 200, time: 2, u: 0.9922, u_StDev: 0.3524
Time Step: 300, time: 3, u: 0.6209, u_StDev: 0.3203
Time Step: 400, time: 4, u: 0.221, u_StDev: 0.4626
Time Step: 500, time: 5, u: 0.4059, u_StDev: 0.4853
Time Step: 600, time: 6, u: 0.7467, u_StDev: 0.4523
Time Step: 700, time: 7, u: 0.6199, u_StDev: 0.4312
Time Step: 800, time: 8, u: 0.363, u_StDev: 0.4971
Time Step: 900, time: 9, u: 0.4223, u_StDev: 0.5147
Time Step: 1000, time: 10, u: 0.6273, u_StDev: 0.487

Ghanem-Spanos method...
Used level 1 sparse quadrature points for initialization.

Took	0.1445 sec
Order 1
The number of PC terms in an expansion is 71
Cost time: 0.27
Time Step: 0, time: 0, u: 0, u_StDev: 0
Time Step: 100, time: 1, u: 0.4282, u_StDev: 0.2167
Time Step: 200, time: 2, u: 0.9882, u_StDev: 0.3426
Time Step: 300, time: 3, u: 0.6184, u_StDev: 0.3326
Time Step: 400, time: 4, u: 0.2166, u_StDev: 0.4942
Time Step: 500, time: 5, u: 0.3677, u_StDev: 0.5193
Time Step: 600, time: 6, u: 0.6888, u_StDev: 0.4827
Time Step: 700, time: 7, u: 0.6043, u_StDev: 0.4586
Time Step: 800, time: 8, u: 0.3662, u_StDev: 0.5405
Time Step: 900, time: 9, u: 0.3722, u_StDev: 0.5561
Time Step: 1000, time: 10, u: 0.5454, u_StDev: 0.5455

AAPG...
Used level 2 sparse quadrature points for initialization.
Took	331.5 sec
Zeroth-order term...
Took	0.004987 sec
First-order terms...
Took	0.06173 sec
Second-order terms...
Took	2.312 sec
Third-order terms...
Took	83.42 sec

Assemble the solutions...
Initialization Took	0.2053 sec
Assembling the mean...
Assemble mean took	2.326 sec
Assembling the rest...
Computing the index...
Assembling the first order terms...
Assembling the second order terms...
Assembling the third order terms...
Assemble rest took	8119 sec
Computing the std...
Compute std took	0.1267 sec
First-order AAPG results:
Time Step: 0, time: 0, u: 0, u_StDev: 0
Time Step: 100, time: 1, u: 0.4282, u_StDev: 0.2169
Time Step: 200, time: 2, u: 0.9861, u_StDev: 0.3444
Time Step: 300, time: 3, u: 0.6251, u_StDev: 0.3286
Time Step: 400, time: 4, u: 0.2245, u_StDev: 0.4747
Time Step: 500, time: 5, u: 0.354, u_StDev: 0.5372
Time Step: 600, time: 6, u: 0.6384, u_StDev: 0.4484
Time Step: 700, time: 7, u: 0.6611, u_StDev: 0.433
Time Step: 800, time: 8, u: 0.439, u_StDev: 0.5112
Time Step: 900, time: 9, u: 0.352, u_StDev: 0.565
Time Step: 1000, time: 10, u: 0.4443, u_StDev: 0.4831
Second-order AAPG results:
Time Step: 0, time: 0, u: 0, u_StDev: 0
Time Step: 100, time: 1, u: 0.4282, u_StDev: 0.2163
Time Step: 200, time: 2, u: 0.9933, u_StDev: 0.3575
Time Step: 300, time: 3, u: 0.6056, u_StDev: 0.3151
Time Step: 400, time: 4, u: 0.2224, u_StDev: 0.4868
Time Step: 500, time: 5, u: 0.4299, u_StDev: 0.5018
Time Step: 600, time: 6, u: 0.7896, u_StDev: 0.5147
Time Step: 700, time: 7, u: 0.5483, u_StDev: 0.4572
Time Step: 800, time: 8, u: 0.3207, u_StDev: 0.5429
Time Step: 900, time: 9, u: 0.4582, u_StDev: 0.5173
Time Step: 1000, time: 10, u: 0.7125, u_StDev: 0.5983
Third-order AAPG results:
Time Step: 0, time: 0, u: 0, u_StDev: 0
Time Step: 100, time: 1, u: 0.4282, u_StDev: 0.2163
Time Step: 200, time: 2, u: 0.9931, u_StDev: 0.3536
Time Step: 300, time: 3, u: 0.611, u_StDev: 0.3327
Time Step: 400, time: 4, u: 0.2178, u_StDev: 0.4789
Time Step: 500, time: 5, u: 0.4201, u_StDev: 0.4734
Time Step: 600, time: 6, u: 0.7673, u_StDev: 0.4427
Time Step: 700, time: 7, u: 0.6349, u_StDev: 0.4807
Time Step: 800, time: 8, u: 0.328, u_StDev: 0.5422
Time Step: 900, time: 9, u: 0.4068, u_StDev: 0.5623
Time Step: 1000, time: 10, u: 0.6351, u_StDev: 0.4805
Took	8121 sec
t_AAPG=0.004991,0.06174,2.312,83.42
Assemble AAPG cost time 8121
Data written to 'time70.dat'
