 - Number of KL modes:              10
 - Monte Carlo sample size:         100000
 - Will generate covariance of type Exp, with correlation length 0.2 and standard deviation 1
 - Time marching step:              0.01
 - Process end time:                10
 - Dynamical orthogonal AAPG factor:1
 - Nonlinearity parameter:          0.1
 - Order of GS:                     2
 - Order of GS in AAPG subproblems: 2
 - Order of AAPG:                   3

MCS...

Number of threads in OMP:128
Took	7.577 sec
Time Step: 100, time: 1, u: 0.4233, u_StDev: 0.1278
Time Step: 200, time: 2, u: 1.226, u_StDev: 0.3121
Time Step: 300, time: 3, u: 1.509, u_StDev: 0.2916
Time Step: 400, time: 4, u: 1.036, u_StDev: 0.3348
Time Step: 500, time: 5, u: 0.4875, u_StDev: 0.4279
Time Step: 600, time: 6, u: 0.4277, u_StDev: 0.4313
Time Step: 700, time: 7, u: 0.8245, u_StDev: 0.439
Time Step: 800, time: 8, u: 1.203, u_StDev: 0.4402
Time Step: 900, time: 9, u: 1.156, u_StDev: 0.4237
Time Step: 1000, time: 10, u: 0.8154, u_StDev: 0.4672

Ghanem-Spanos method...
Used level 1 sparse quadrature points for initialization.

Took	0.0006189 sec
Order 1
The number of PC terms in an expansion is 11
Cost time: 0.05
Time Step: 0, time: 0, u: 0, u_StDev: 0
Time Step: 100, time: 1, u: 0.4308, u_StDev: 0.1301
Time Step: 200, time: 2, u: 1.232, u_StDev: 0.3137
Time Step: 300, time: 3, u: 1.506, u_StDev: 0.2904
Time Step: 400, time: 4, u: 1.028, u_StDev: 0.3365
Time Step: 500, time: 5, u: 0.4826, u_StDev: 0.4322
Time Step: 600, time: 6, u: 0.4294, u_StDev: 0.4345
Time Step: 700, time: 7, u: 0.8286, u_StDev: 0.4416
Time Step: 800, time: 8, u: 1.202, u_StDev: 0.4429
Time Step: 900, time: 9, u: 1.149, u_StDev: 0.4262
Time Step: 1000, time: 10, u: 0.8098, u_StDev: 0.4712
Used level 2 sparse quadrature points for initialization.

Took	0.1738 sec
Order 2
The number of PC terms in an expansion is 66
Cost time: 0.31
Time Step: 0, time: 0, u: 0, u_StDev: 0
Time Step: 100, time: 1, u: 0.4308, u_StDev: 0.1301
Time Step: 200, time: 2, u: 1.232, u_StDev: 0.313
Time Step: 300, time: 3, u: 1.507, u_StDev: 0.291
Time Step: 400, time: 4, u: 1.029, u_StDev: 0.3364
Time Step: 500, time: 5, u: 0.483, u_StDev: 0.4286
Time Step: 600, time: 6, u: 0.4303, u_StDev: 0.43
Time Step: 700, time: 7, u: 0.8301, u_StDev: 0.4379
Time Step: 800, time: 8, u: 1.204, u_StDev: 0.4404
Time Step: 900, time: 9, u: 1.151, u_StDev: 0.4249
Time Step: 1000, time: 10, u: 0.8102, u_StDev: 0.468

AAPG...
Used level 2 sparse quadrature points for initialization.
Took	0.00844 sec
Zeroth-order term...
Took	0.005068 sec
First-order terms...
Took	0.02668 sec
Second-order terms...
Took	0.08575 sec
Third-order terms...
Took	0.2147 sec

Assemble the solutions...
Initialization Took	0.001894 sec
Assembling the mean...
Assemble mean took	0.007177 sec
Assembling the rest...
Computing the index...
Assembling the first order terms...
Assembling the second order terms...
Assembling the third order terms...
Assemble rest took	0.2034 sec
Computing the std...
Compute std took	0.03083 sec
First-order AAPG results:
Time Step: 0, time: 0, u: 0, u_StDev: 0
Time Step: 100, time: 1, u: 0.4308, u_StDev: 0.1301
Time Step: 200, time: 2, u: 1.232, u_StDev: 0.314
Time Step: 300, time: 3, u: 1.506, u_StDev: 0.2906
Time Step: 400, time: 4, u: 1.028, u_StDev: 0.3353
Time Step: 500, time: 5, u: 0.4822, u_StDev: 0.4314
Time Step: 600, time: 6, u: 0.4283, u_StDev: 0.435
Time Step: 700, time: 7, u: 0.8273, u_StDev: 0.4426
Time Step: 800, time: 8, u: 1.201, u_StDev: 0.4434
Time Step: 900, time: 9, u: 1.149, u_StDev: 0.4246
Time Step: 1000, time: 10, u: 0.8098, u_StDev: 0.4686
Second-order AAPG results:
Time Step: 0, time: 0, u: 0, u_StDev: 0
Time Step: 100, time: 1, u: 0.4308, u_StDev: 0.1301
Time Step: 200, time: 2, u: 1.232, u_StDev: 0.313
Time Step: 300, time: 3, u: 1.507, u_StDev: 0.291
Time Step: 400, time: 4, u: 1.029, u_StDev: 0.3365
Time Step: 500, time: 5, u: 0.483, u_StDev: 0.4287
Time Step: 600, time: 6, u: 0.4304, u_StDev: 0.4301
Time Step: 700, time: 7, u: 0.8303, u_StDev: 0.4379
Time Step: 800, time: 8, u: 1.204, u_StDev: 0.4406
Time Step: 900, time: 9, u: 1.151, u_StDev: 0.4253
Time Step: 1000, time: 10, u: 0.8101, u_StDev: 0.4683
Third-order AAPG results:
Time Step: 0, time: 0, u: 0, u_StDev: 0
Time Step: 100, time: 1, u: 0.4308, u_StDev: 0.1301
Time Step: 200, time: 2, u: 1.232, u_StDev: 0.313
Time Step: 300, time: 3, u: 1.507, u_StDev: 0.291
Time Step: 400, time: 4, u: 1.029, u_StDev: 0.3365
Time Step: 500, time: 5, u: 0.483, u_StDev: 0.4287
Time Step: 600, time: 6, u: 0.4303, u_StDev: 0.4299
Time Step: 700, time: 7, u: 0.8301, u_StDev: 0.4379
Time Step: 800, time: 8, u: 1.204, u_StDev: 0.4403
Time Step: 900, time: 9, u: 1.151, u_StDev: 0.425
Time Step: 1000, time: 10, u: 0.8103, u_StDev: 0.4683
Took	0.2529 sec
t_AAPG=0.005071,0.02673,0.08577,0.2149
Assemble AAPG cost time 0.2529
Data written to 'time10.dat'
 - Number of KL modes:              20
 - Monte Carlo sample size:         100000
 - Will generate covariance of type Exp, with correlation length 0.2 and standard deviation 1
 - Time marching step:              0.01
 - Process end time:                10
 - Dynamical orthogonal AAPG factor:1
 - Nonlinearity parameter:          0.1
 - Order of GS:                     2
 - Order of GS in AAPG subproblems: 2
 - Order of AAPG:                   3

MCS...

Number of threads in OMP:128
Took	7.725 sec
Time Step: 100, time: 1, u: 0.4235, u_StDev: 0.1498
Time Step: 200, time: 2, u: 1.226, u_StDev: 0.3147
Time Step: 300, time: 3, u: 1.507, u_StDev: 0.2916
Time Step: 400, time: 4, u: 1.034, u_StDev: 0.3404
Time Step: 500, time: 5, u: 0.4875, u_StDev: 0.4289
Time Step: 600, time: 6, u: 0.4311, u_StDev: 0.4316
Time Step: 700, time: 7, u: 0.827, u_StDev: 0.4408
Time Step: 800, time: 8, u: 1.201, u_StDev: 0.4414
Time Step: 900, time: 9, u: 1.152, u_StDev: 0.4253
Time Step: 1000, time: 10, u: 0.8131, u_StDev: 0.4679

Ghanem-Spanos method...
Used level 1 sparse quadrature points for initialization.

Took	0.002649 sec
Order 1
The number of PC terms in an expansion is 21
Cost time: 0.08
Time Step: 0, time: 0, u: 0, u_StDev: 0
Time Step: 100, time: 1, u: 0.4308, u_StDev: 0.1517
Time Step: 200, time: 2, u: 1.232, u_StDev: 0.3158
Time Step: 300, time: 3, u: 1.506, u_StDev: 0.2911
Time Step: 400, time: 4, u: 1.028, u_StDev: 0.341
Time Step: 500, time: 5, u: 0.4825, u_StDev: 0.4327
Time Step: 600, time: 6, u: 0.4293, u_StDev: 0.4353
Time Step: 700, time: 7, u: 0.8286, u_StDev: 0.4436
Time Step: 800, time: 8, u: 1.202, u_StDev: 0.4434
Time Step: 900, time: 9, u: 1.149, u_StDev: 0.4271
Time Step: 1000, time: 10, u: 0.8096, u_StDev: 0.4721
Used level 2 sparse quadrature points for initialization.

Took	25.92 sec
Order 2
The number of PC terms in an expansion is 231
Cost time: 1.58
Time Step: 0, time: 0, u: 0, u_StDev: 0
Time Step: 100, time: 1, u: 0.4308, u_StDev: 0.1517
Time Step: 200, time: 2, u: 1.232, u_StDev: 0.315
Time Step: 300, time: 3, u: 1.506, u_StDev: 0.2918
Time Step: 400, time: 4, u: 1.028, u_StDev: 0.3408
Time Step: 500, time: 5, u: 0.4828, u_StDev: 0.4291
Time Step: 600, time: 6, u: 0.4303, u_StDev: 0.4308
Time Step: 700, time: 7, u: 0.8301, u_StDev: 0.4399
Time Step: 800, time: 8, u: 1.204, u_StDev: 0.4408
Time Step: 900, time: 9, u: 1.15, u_StDev: 0.4258
Time Step: 1000, time: 10, u: 0.8101, u_StDev: 0.4688

AAPG...
Used level 2 sparse quadrature points for initialization.
Took	0.1678 sec
Zeroth-order term...
Took	0.005034 sec
First-order terms...
Took	0.03098 sec
Second-order terms...
Took	0.2429 sec
Third-order terms...
Took	1.926 sec

Assemble the solutions...
Initialization Took	0.006502 sec
Assembling the mean...
Assemble mean took	0.05769 sec
Assembling the rest...
Computing the index...
Assembling the first order terms...
Assembling the second order terms...
Assembling the third order terms...
Assemble rest took	12.46 sec
Computing the std...
Compute std took	0.07511 sec
First-order AAPG results:
Time Step: 0, time: 0, u: 0, u_StDev: 0
Time Step: 100, time: 1, u: 0.4308, u_StDev: 0.1517
Time Step: 200, time: 2, u: 1.232, u_StDev: 0.3161
Time Step: 300, time: 3, u: 1.506, u_StDev: 0.2913
Time Step: 400, time: 4, u: 1.028, u_StDev: 0.3398
Time Step: 500, time: 5, u: 0.482, u_StDev: 0.4319
Time Step: 600, time: 6, u: 0.4282, u_StDev: 0.4358
Time Step: 700, time: 7, u: 0.8272, u_StDev: 0.4446
Time Step: 800, time: 8, u: 1.201, u_StDev: 0.4438
Time Step: 900, time: 9, u: 1.149, u_StDev: 0.4254
Time Step: 1000, time: 10, u: 0.8096, u_StDev: 0.4695
Second-order AAPG results:
Time Step: 0, time: 0, u: 0, u_StDev: 0
Time Step: 100, time: 1, u: 0.4308, u_StDev: 0.1517
Time Step: 200, time: 2, u: 1.232, u_StDev: 0.315
Time Step: 300, time: 3, u: 1.506, u_StDev: 0.2918
Time Step: 400, time: 4, u: 1.028, u_StDev: 0.3409
Time Step: 500, time: 5, u: 0.4829, u_StDev: 0.4292
Time Step: 600, time: 6, u: 0.4303, u_StDev: 0.4309
Time Step: 700, time: 7, u: 0.8302, u_StDev: 0.4398
Time Step: 800, time: 8, u: 1.204, u_StDev: 0.441
Time Step: 900, time: 9, u: 1.151, u_StDev: 0.4262
Time Step: 1000, time: 10, u: 0.81, u_StDev: 0.4691
Third-order AAPG results:
Time Step: 0, time: 0, u: 0, u_StDev: 0
Time Step: 100, time: 1, u: 0.4308, u_StDev: 0.1517
Time Step: 200, time: 2, u: 1.232, u_StDev: 0.315
Time Step: 300, time: 3, u: 1.506, u_StDev: 0.2918
Time Step: 400, time: 4, u: 1.028, u_StDev: 0.3409
Time Step: 500, time: 5, u: 0.4829, u_StDev: 0.4292
Time Step: 600, time: 6, u: 0.4303, u_StDev: 0.4308
Time Step: 700, time: 7, u: 0.8301, u_StDev: 0.4399
Time Step: 800, time: 8, u: 1.204, u_StDev: 0.4407
Time Step: 900, time: 9, u: 1.15, u_StDev: 0.4259
Time Step: 1000, time: 10, u: 0.8101, u_StDev: 0.4691
Took	12.61 sec
t_AAPG=0.005039,0.03105,0.2431,1.926
Assemble AAPG cost time 12.61
Data written to 'time20.dat'
 - Number of KL modes:              30
 - Monte Carlo sample size:         100000
 - Will generate covariance of type Exp, with correlation length 0.2 and standard deviation 1
 - Time marching step:              0.01
 - Process end time:                10
 - Dynamical orthogonal AAPG factor:1
 - Nonlinearity parameter:          0.1
 - Order of GS:                     2
 - Order of GS in AAPG subproblems: 2
 - Order of AAPG:                   3

MCS...

Number of threads in OMP:128
Took	7.315 sec
Time Step: 100, time: 1, u: 0.423, u_StDev: 0.1504
Time Step: 200, time: 2, u: 1.225, u_StDev: 0.315
Time Step: 300, time: 3, u: 1.508, u_StDev: 0.2924
Time Step: 400, time: 4, u: 1.036, u_StDev: 0.3394
Time Step: 500, time: 5, u: 0.4875, u_StDev: 0.4295
Time Step: 600, time: 6, u: 0.4286, u_StDev: 0.4308
Time Step: 700, time: 7, u: 0.8258, u_StDev: 0.4399
Time Step: 800, time: 8, u: 1.202, u_StDev: 0.4407
Time Step: 900, time: 9, u: 1.153, u_StDev: 0.4242
Time Step: 1000, time: 10, u: 0.8136, u_StDev: 0.4678

Ghanem-Spanos method...
Used level 1 sparse quadrature points for initialization.

Took	0.008218 sec
Order 1
The number of PC terms in an expansion is 31
Cost time: 0.13
Time Step: 0, time: 0, u: 0, u_StDev: 0
Time Step: 100, time: 1, u: 0.4308, u_StDev: 0.1525
Time Step: 200, time: 2, u: 1.232, u_StDev: 0.316
Time Step: 300, time: 3, u: 1.506, u_StDev: 0.2913
Time Step: 400, time: 4, u: 1.028, u_StDev: 0.3413
Time Step: 500, time: 5, u: 0.4825, u_StDev: 0.4327
Time Step: 600, time: 6, u: 0.4293, u_StDev: 0.4353
Time Step: 700, time: 7, u: 0.8286, u_StDev: 0.4437
Time Step: 800, time: 8, u: 1.202, u_StDev: 0.4434
Time Step: 900, time: 9, u: 1.149, u_StDev: 0.4272
Time Step: 1000, time: 10, u: 0.8096, u_StDev: 0.4722
Used level 2 sparse quadrature points for initialization.

Took	564 sec
Order 2
The number of PC terms in an expansion is 496
Cost time: 4.83
Time Step: 0, time: 0, u: 0, u_StDev: 0
Time Step: 100, time: 1, u: 0.4308, u_StDev: 0.1525
Time Step: 200, time: 2, u: 1.232, u_StDev: 0.3152
Time Step: 300, time: 3, u: 1.506, u_StDev: 0.2919
Time Step: 400, time: 4, u: 1.028, u_StDev: 0.3411
Time Step: 500, time: 5, u: 0.4828, u_StDev: 0.4292
Time Step: 600, time: 6, u: 0.4303, u_StDev: 0.4309
Time Step: 700, time: 7, u: 0.8301, u_StDev: 0.44
Time Step: 800, time: 8, u: 1.204, u_StDev: 0.4408
Time Step: 900, time: 9, u: 1.15, u_StDev: 0.4258
Time Step: 1000, time: 10, u: 0.8101, u_StDev: 0.4689

AAPG...
Used level 2 sparse quadrature points for initialization.
Took	2.308 sec
Zeroth-order term...
Took	0.004989 sec
First-order terms...
Took	0.03076 sec
Second-order terms...
Took	0.4828 sec
Third-order terms...
Took	6.172 sec

Assemble the solutions...
Initialization Took	0.0184 sec
Assembling the mean...
Assemble mean took	0.1768 sec
Assembling the rest...
Computing the index...
Assembling the first order terms...
Assembling the second order terms...
Assembling the third order terms...
Assemble rest took	61.04 sec
Computing the std...
Compute std took	0.01878 sec
First-order AAPG results:
Time Step: 0, time: 0, u: 0, u_StDev: 0
Time Step: 100, time: 1, u: 0.4308, u_StDev: 0.1525
Time Step: 200, time: 2, u: 1.232, u_StDev: 0.3164
Time Step: 300, time: 3, u: 1.505, u_StDev: 0.2914
Time Step: 400, time: 4, u: 1.028, u_StDev: 0.3401
Time Step: 500, time: 5, u: 0.482, u_StDev: 0.4319
Time Step: 600, time: 6, u: 0.4283, u_StDev: 0.4358
Time Step: 700, time: 7, u: 0.8273, u_StDev: 0.4447
Time Step: 800, time: 8, u: 1.201, u_StDev: 0.4439
Time Step: 900, time: 9, u: 1.149, u_StDev: 0.4255
Time Step: 1000, time: 10, u: 0.8096, u_StDev: 0.4696
Second-order AAPG results:
Time Step: 0, time: 0, u: 0, u_StDev: 0
Time Step: 100, time: 1, u: 0.4308, u_StDev: 0.1525
Time Step: 200, time: 2, u: 1.232, u_StDev: 0.3152
Time Step: 300, time: 3, u: 1.506, u_StDev: 0.292
Time Step: 400, time: 4, u: 1.028, u_StDev: 0.3412
Time Step: 500, time: 5, u: 0.4828, u_StDev: 0.4293
Time Step: 600, time: 6, u: 0.4303, u_StDev: 0.4309
Time Step: 700, time: 7, u: 0.8303, u_StDev: 0.4399
Time Step: 800, time: 8, u: 1.204, u_StDev: 0.4411
Time Step: 900, time: 9, u: 1.151, u_StDev: 0.4263
Time Step: 1000, time: 10, u: 0.81, u_StDev: 0.4692
Third-order AAPG results:
Time Step: 0, time: 0, u: 0, u_StDev: 0
Time Step: 100, time: 1, u: 0.4308, u_StDev: 0.1525
Time Step: 200, time: 2, u: 1.232, u_StDev: 0.3152
Time Step: 300, time: 3, u: 1.506, u_StDev: 0.2919
Time Step: 400, time: 4, u: 1.028, u_StDev: 0.3413
Time Step: 500, time: 5, u: 0.4829, u_StDev: 0.4292
Time Step: 600, time: 6, u: 0.4303, u_StDev: 0.4308
Time Step: 700, time: 7, u: 0.8301, u_StDev: 0.44
Time Step: 800, time: 8, u: 1.204, u_StDev: 0.4407
Time Step: 900, time: 9, u: 1.15, u_StDev: 0.426
Time Step: 1000, time: 10, u: 0.8101, u_StDev: 0.4691
Took	61.38 sec
t_AAPG=0.004995,0.03076,0.4828,6.172
Assemble AAPG cost time 61.38
Data written to 'time30.dat'
 - Number of KL modes:              40
 - Monte Carlo sample size:         100000
 - Will generate covariance of type Exp, with correlation length 0.2 and standard deviation 1
 - Time marching step:              0.01
 - Process end time:                10
 - Dynamical orthogonal AAPG factor:1
 - Nonlinearity parameter:          0.1
 - Order of GS:                     1
 - Order of GS in AAPG subproblems: 2
 - Order of AAPG:                   3

MCS...

Number of threads in OMP:128
Took	7.878 sec
Time Step: 100, time: 1, u: 0.4234, u_StDev: 0.1507
Time Step: 200, time: 2, u: 1.226, u_StDev: 0.315
Time Step: 300, time: 3, u: 1.507, u_StDev: 0.293
Time Step: 400, time: 4, u: 1.033, u_StDev: 0.3396
Time Step: 500, time: 5, u: 0.4866, u_StDev: 0.4291
Time Step: 600, time: 6, u: 0.4307, u_StDev: 0.4324
Time Step: 700, time: 7, u: 0.827, u_StDev: 0.4392
Time Step: 800, time: 8, u: 1.201, u_StDev: 0.4411
Time Step: 900, time: 9, u: 1.151, u_StDev: 0.4254
Time Step: 1000, time: 10, u: 0.8135, u_StDev: 0.467

Ghanem-Spanos method...
Used level 1 sparse quadrature points for initialization.

Took	0.02027 sec
Order 1
The number of PC terms in an expansion is 41
Cost time: 0.18
Time Step: 0, time: 0, u: 0, u_StDev: 0
Time Step: 100, time: 1, u: 0.4308, u_StDev: 0.1528
Time Step: 200, time: 2, u: 1.232, u_StDev: 0.3161
Time Step: 300, time: 3, u: 1.506, u_StDev: 0.2913
Time Step: 400, time: 4, u: 1.028, u_StDev: 0.3414
Time Step: 500, time: 5, u: 0.4825, u_StDev: 0.4327
Time Step: 600, time: 6, u: 0.4293, u_StDev: 0.4354
Time Step: 700, time: 7, u: 0.8286, u_StDev: 0.4437
Time Step: 800, time: 8, u: 1.202, u_StDev: 0.4434
Time Step: 900, time: 9, u: 1.149, u_StDev: 0.4272
Time Step: 1000, time: 10, u: 0.8096, u_StDev: 0.4722

AAPG...
Used level 2 sparse quadrature points for initialization.
Took	10.05 sec
Zeroth-order term...
Took	0.005059 sec
First-order terms...
Took	0.05761 sec
Second-order terms...
Took	0.7887 sec
Third-order terms...
Took	16.93 sec

Assemble the solutions...
Initialization Took	0.05393 sec
Assembling the mean...
Assemble mean took	0.5284 sec
Assembling the rest...
Computing the index...
Assembling the first order terms...
Assembling the second order terms...
Assembling the third order terms...
Assemble rest took	278.8 sec
Computing the std...
Compute std took	0.02883 sec
First-order AAPG results:
Time Step: 0, time: 0, u: 0, u_StDev: 0
Time Step: 100, time: 1, u: 0.4308, u_StDev: 0.1528
Time Step: 200, time: 2, u: 1.232, u_StDev: 0.3164
Time Step: 300, time: 3, u: 1.505, u_StDev: 0.2914
Time Step: 400, time: 4, u: 1.028, u_StDev: 0.3402
Time Step: 500, time: 5, u: 0.482, u_StDev: 0.432
Time Step: 600, time: 6, u: 0.4283, u_StDev: 0.4358
Time Step: 700, time: 7, u: 0.8273, u_StDev: 0.4447
Time Step: 800, time: 8, u: 1.201, u_StDev: 0.4439
Time Step: 900, time: 9, u: 1.149, u_StDev: 0.4255
Time Step: 1000, time: 10, u: 0.8096, u_StDev: 0.4696
Second-order AAPG results:
Time Step: 0, time: 0, u: 0, u_StDev: 0
Time Step: 100, time: 1, u: 0.4308, u_StDev: 0.1528
Time Step: 200, time: 2, u: 1.232, u_StDev: 0.3153
Time Step: 300, time: 3, u: 1.506, u_StDev: 0.292
Time Step: 400, time: 4, u: 1.028, u_StDev: 0.3413
Time Step: 500, time: 5, u: 0.4828, u_StDev: 0.4293
Time Step: 600, time: 6, u: 0.4303, u_StDev: 0.431
Time Step: 700, time: 7, u: 0.8303, u_StDev: 0.4399
Time Step: 800, time: 8, u: 1.204, u_StDev: 0.4411
Time Step: 900, time: 9, u: 1.151, u_StDev: 0.4263
Time Step: 1000, time: 10, u: 0.8099, u_StDev: 0.4692
Third-order AAPG results:
Time Step: 0, time: 0, u: 0, u_StDev: 0
Time Step: 100, time: 1, u: 0.4308, u_StDev: 0.1528
Time Step: 200, time: 2, u: 1.232, u_StDev: 0.3153
Time Step: 300, time: 3, u: 1.506, u_StDev: 0.2919
Time Step: 400, time: 4, u: 1.028, u_StDev: 0.3413
Time Step: 500, time: 5, u: 0.4829, u_StDev: 0.4292
Time Step: 600, time: 6, u: 0.4303, u_StDev: 0.4308
Time Step: 700, time: 7, u: 0.8301, u_StDev: 0.44
Time Step: 800, time: 8, u: 1.204, u_StDev: 0.4407
Time Step: 900, time: 9, u: 1.15, u_StDev: 0.426
Time Step: 1000, time: 10, u: 0.8101, u_StDev: 0.4691
Took	279.4 sec
t_AAPG=0.005064,0.05762,0.7887,16.93
Assemble AAPG cost time 279.4
Data written to 'time40.dat'
 - Number of KL modes:              50
 - Monte Carlo sample size:         100000
 - Will generate covariance of type Exp, with correlation length 0.2 and standard deviation 1
 - Time marching step:              0.01
 - Process end time:                10
 - Dynamical orthogonal AAPG factor:1
 - Nonlinearity parameter:          0.1
 - Order of GS:                     1
 - Order of GS in AAPG subproblems: 2
 - Order of AAPG:                   3

MCS...

Number of threads in OMP:128
Took	8.527 sec
Time Step: 100, time: 1, u: 0.4238, u_StDev: 0.1506
Time Step: 200, time: 2, u: 1.226, u_StDev: 0.3146
Time Step: 300, time: 3, u: 1.507, u_StDev: 0.2925
Time Step: 400, time: 4, u: 1.033, u_StDev: 0.34
Time Step: 500, time: 5, u: 0.4866, u_StDev: 0.429
Time Step: 600, time: 6, u: 0.4308, u_StDev: 0.4314
Time Step: 700, time: 7, u: 0.8279, u_StDev: 0.44
Time Step: 800, time: 8, u: 1.202, u_StDev: 0.4403
Time Step: 900, time: 9, u: 1.151, u_StDev: 0.4249
Time Step: 1000, time: 10, u: 0.8134, u_StDev: 0.4669

Ghanem-Spanos method...
Used level 1 sparse quadrature points for initialization.

Took	0.04313 sec
Order 1
The number of PC terms in an expansion is 51
Cost time: 0.19
Time Step: 0, time: 0, u: 0, u_StDev: 0
Time Step: 100, time: 1, u: 0.4308, u_StDev: 0.1529
Time Step: 200, time: 2, u: 1.232, u_StDev: 0.3161
Time Step: 300, time: 3, u: 1.506, u_StDev: 0.2913
Time Step: 400, time: 4, u: 1.028, u_StDev: 0.3414
Time Step: 500, time: 5, u: 0.4825, u_StDev: 0.4327
Time Step: 600, time: 6, u: 0.4293, u_StDev: 0.4354
Time Step: 700, time: 7, u: 0.8286, u_StDev: 0.4438
Time Step: 800, time: 8, u: 1.202, u_StDev: 0.4434
Time Step: 900, time: 9, u: 1.149, u_StDev: 0.4272
Time Step: 1000, time: 10, u: 0.8096, u_StDev: 0.4722

AAPG...
Used level 2 sparse quadrature points for initialization.
Took	29.28 sec
Zeroth-order term...
Took	0.005013 sec
First-order terms...
Took	0.05969 sec
Second-order terms...
Took	1.231 sec
Third-order terms...
Took	29.48 sec

Assemble the solutions...
Initialization Took	0.08502 sec
Assembling the mean...
Assemble mean took	0.8841 sec
Assembling the rest...
Computing the index...
Assembling the first order terms...
Assembling the second order terms...
Assembling the third order terms...
Assemble rest took	1671 sec
Computing the std...
Compute std took	0.2379 sec
First-order AAPG results:
Time Step: 0, time: 0, u: 0, u_StDev: 0
Time Step: 100, time: 1, u: 0.4308, u_StDev: 0.1529
Time Step: 200, time: 2, u: 1.232, u_StDev: 0.3164
Time Step: 300, time: 3, u: 1.505, u_StDev: 0.2914
Time Step: 400, time: 4, u: 1.028, u_StDev: 0.3402
Time Step: 500, time: 5, u: 0.482, u_StDev: 0.432
Time Step: 600, time: 6, u: 0.4283, u_StDev: 0.4358
Time Step: 700, time: 7, u: 0.8273, u_StDev: 0.4448
Time Step: 800, time: 8, u: 1.201, u_StDev: 0.4439
Time Step: 900, time: 9, u: 1.149, u_StDev: 0.4255
Time Step: 1000, time: 10, u: 0.8096, u_StDev: 0.4696
Second-order AAPG results:
Time Step: 0, time: 0, u: 0, u_StDev: 0
Time Step: 100, time: 1, u: 0.4308, u_StDev: 0.1528
Time Step: 200, time: 2, u: 1.232, u_StDev: 0.3153
Time Step: 300, time: 3, u: 1.506, u_StDev: 0.292
Time Step: 400, time: 4, u: 1.028, u_StDev: 0.3413
Time Step: 500, time: 5, u: 0.4828, u_StDev: 0.4293
Time Step: 600, time: 6, u: 0.4303, u_StDev: 0.431
Time Step: 700, time: 7, u: 0.8303, u_StDev: 0.44
Time Step: 800, time: 8, u: 1.204, u_StDev: 0.4411
Time Step: 900, time: 9, u: 1.151, u_StDev: 0.4263
Time Step: 1000, time: 10, u: 0.8099, u_StDev: 0.4692
Third-order AAPG results:
Time Step: 0, time: 0, u: 0, u_StDev: 0
Time Step: 100, time: 1, u: 0.4308, u_StDev: 0.1528
Time Step: 200, time: 2, u: 1.232, u_StDev: 0.3153
Time Step: 300, time: 3, u: 1.506, u_StDev: 0.2919
Time Step: 400, time: 4, u: 1.028, u_StDev: 0.3413
Time Step: 500, time: 5, u: 0.4829, u_StDev: 0.4292
Time Step: 600, time: 6, u: 0.4303, u_StDev: 0.4308
Time Step: 700, time: 7, u: 0.8301, u_StDev: 0.44
Time Step: 800, time: 8, u: 1.204, u_StDev: 0.4407
Time Step: 900, time: 9, u: 1.15, u_StDev: 0.426
Time Step: 1000, time: 10, u: 0.8101, u_StDev: 0.4691
Took	1672 sec
t_AAPG=0.005018,0.0597,1.231,29.48
Assemble AAPG cost time 1672
Data written to 'time50.dat'
 - Number of KL modes:              60
 - Monte Carlo sample size:         100000
 - Will generate covariance of type Exp, with correlation length 0.2 and standard deviation 1
 - Time marching step:              0.01
 - Process end time:                10
 - Dynamical orthogonal AAPG factor:1
 - Nonlinearity parameter:          0.1
 - Order of GS:                     1
 - Order of GS in AAPG subproblems: 2
 - Order of AAPG:                   3

MCS...

Number of threads in OMP:128
Took	8.159 sec
Time Step: 100, time: 1, u: 0.4234, u_StDev: 0.1506
Time Step: 200, time: 2, u: 1.225, u_StDev: 0.3157
Time Step: 300, time: 3, u: 1.508, u_StDev: 0.2924
Time Step: 400, time: 4, u: 1.035, u_StDev: 0.3404
Time Step: 500, time: 5, u: 0.486, u_StDev: 0.4291
Time Step: 600, time: 6, u: 0.428, u_StDev: 0.4308
Time Step: 700, time: 7, u: 0.826, u_StDev: 0.4388
Time Step: 800, time: 8, u: 1.202, u_StDev: 0.4406
Time Step: 900, time: 9, u: 1.152, u_StDev: 0.4251
Time Step: 1000, time: 10, u: 0.8127, u_StDev: 0.4676

Ghanem-Spanos method...
Used level 1 sparse quadrature points for initialization.

Took	0.08266 sec
Order 1
The number of PC terms in an expansion is 61
Cost time: 0.24
Time Step: 0, time: 0, u: 0, u_StDev: 0
Time Step: 100, time: 1, u: 0.4308, u_StDev: 0.1529
Time Step: 200, time: 2, u: 1.232, u_StDev: 0.3161
Time Step: 300, time: 3, u: 1.506, u_StDev: 0.2913
Time Step: 400, time: 4, u: 1.028, u_StDev: 0.3414
Time Step: 500, time: 5, u: 0.4825, u_StDev: 0.4327
Time Step: 600, time: 6, u: 0.4293, u_StDev: 0.4354
Time Step: 700, time: 7, u: 0.8286, u_StDev: 0.4438
Time Step: 800, time: 8, u: 1.202, u_StDev: 0.4434
Time Step: 900, time: 9, u: 1.149, u_StDev: 0.4272
Time Step: 1000, time: 10, u: 0.8096, u_StDev: 0.4722

AAPG...
Used level 2 sparse quadrature points for initialization.
Took	98.95 sec
Zeroth-order term...
Took	0.004957 sec
First-order terms...
Took	0.054 sec
Second-order terms...
Took	1.76 sec
Third-order terms...
