 - Number of KL modes:              30
 - Monte Carlo sample size:         100000
 - Will generate covariance of type Exp, with correlation length 1 and standard deviation 0.8
 - Time marching step:              0.01
 - Process end time:                10
 - Dynamical orthogonal AAPG factor:1
 - Nonlinearity parameter:          1
 - Order of GS:                     1
 - Order of GS in AAPG subproblems: 2
 - Order of AAPG:                   2

MCS...

Number of threads in OMP:128
Took	7.338 sec
Time Step: 100, time: 1, u: 0.4209, u_StDev: 0.1709
Time Step: 200, time: 2, u: 1.019, u_StDev: 0.2819
Time Step: 300, time: 3, u: 0.6638, u_StDev: 0.2545
Time Step: 400, time: 4, u: 0.242, u_StDev: 0.3769
Time Step: 500, time: 5, u: 0.4149, u_StDev: 0.4052
Time Step: 600, time: 6, u: 0.7883, u_StDev: 0.3685
Time Step: 700, time: 7, u: 0.6875, u_StDev: 0.3425
Time Step: 800, time: 8, u: 0.4059, u_StDev: 0.4028
Time Step: 900, time: 9, u: 0.4396, u_StDev: 0.4304
Time Step: 1000, time: 10, u: 0.6608, u_StDev: 0.4045

Ghanem-Spanos method...
Used level 1 sparse quadrature points for initialization.

Took	0.008224 sec
Order 1
The number of PC terms in an expansion is 31
Cost time: 0.12
Time Step: 0, time: 0, u: 0, u_StDev: 0
Time Step: 100, time: 1, u: 0.4286, u_StDev: 0.1734
Time Step: 200, time: 2, u: 1.019, u_StDev: 0.2744
Time Step: 300, time: 3, u: 0.6606, u_StDev: 0.2651
Time Step: 400, time: 4, u: 0.2378, u_StDev: 0.3905
Time Step: 500, time: 5, u: 0.3957, u_StDev: 0.4249
Time Step: 600, time: 6, u: 0.7561, u_StDev: 0.3796
Time Step: 700, time: 7, u: 0.6843, u_StDev: 0.3613
Time Step: 800, time: 8, u: 0.4117, u_StDev: 0.4202
Time Step: 900, time: 9, u: 0.414, u_StDev: 0.4479
Time Step: 1000, time: 10, u: 0.6145, u_StDev: 0.4301

AAPG...
Used level 2 sparse quadrature points for initialization.
Took	2.213 sec
Zeroth-order term...
Took	0.00499 sec
First-order terms...
Took	0.04125 sec
Second-order terms...
Took	0.5187 sec

Assemble the solutions...
Initialization Took	0.01798 sec
Assembling the mean...
Assemble mean took	0.01916 sec
Assembling the rest...
Computing the index...
Assembling the first order terms...
Assembling the second order terms...
Assemble rest took	3.224 sec
Computing the std...
Compute std took	0.05778 sec
First-order AAPG results:
Time Step: 0, time: 0, u: 0, u_StDev: 0
Time Step: 100, time: 1, u: 0.4286, u_StDev: 0.1735
Time Step: 200, time: 2, u: 1.018, u_StDev: 0.2752
Time Step: 300, time: 3, u: 0.6636, u_StDev: 0.2636
Time Step: 400, time: 4, u: 0.2414, u_StDev: 0.3803
Time Step: 500, time: 5, u: 0.3907, u_StDev: 0.4336
Time Step: 600, time: 6, u: 0.735, u_StDev: 0.3561
Time Step: 700, time: 7, u: 0.7147, u_StDev: 0.3514
Time Step: 800, time: 8, u: 0.4437, u_StDev: 0.406
Time Step: 900, time: 9, u: 0.4039, u_StDev: 0.4577
Time Step: 1000, time: 10, u: 0.5688, u_StDev: 0.3833
Second-order AAPG results:
Time Step: 0, time: 0, u: 0, u_StDev: 0
Time Step: 100, time: 1, u: 0.4286, u_StDev: 0.1732
Time Step: 200, time: 2, u: 1.021, u_StDev: 0.2823
Time Step: 300, time: 3, u: 0.6551, u_StDev: 0.2517
Time Step: 400, time: 4, u: 0.2411, u_StDev: 0.3872
Time Step: 500, time: 5, u: 0.4233, u_StDev: 0.4166
Time Step: 600, time: 6, u: 0.799, u_StDev: 0.4025
Time Step: 700, time: 7, u: 0.6556, u_StDev: 0.3478
Time Step: 800, time: 8, u: 0.3959, u_StDev: 0.4247
Time Step: 900, time: 9, u: 0.4538, u_StDev: 0.4261
Time Step: 1000, time: 10, u: 0.6856, u_StDev: 0.4664
Took	3.33 sec
t_AAPG=0.004995,0.04127,0.5187,0
Assemble AAPG cost time 3.33
Data written to 'time30.dat'
