 - Number of KL modes:              30
 - Monte Carlo sample size:         100000
 - Will generate covariance of type Exp, with correlation length 1 and standard deviation 0.8
 - Time marching step:              0.01
 - Process end time:                10
 - Dynamical orthogonal AAPG factor:1
 - Nonlinearity parameter:          1
 - Order of GS:                     1
 - Order of GS in AAPG subproblems: 3
 - Order of AAPG:                   3

MCS...

Number of threads in OMP:128
Took	7.901 sec
Time Step: 100, time: 1, u: 0.4209, u_StDev: 0.1709
Time Step: 200, time: 2, u: 1.019, u_StDev: 0.2819
Time Step: 300, time: 3, u: 0.6638, u_StDev: 0.2545
Time Step: 400, time: 4, u: 0.242, u_StDev: 0.3769
Time Step: 500, time: 5, u: 0.4149, u_StDev: 0.4052
Time Step: 600, time: 6, u: 0.7883, u_StDev: 0.3685
Time Step: 700, time: 7, u: 0.6875, u_StDev: 0.3425
Time Step: 800, time: 8, u: 0.4059, u_StDev: 0.4028
Time Step: 900, time: 9, u: 0.4396, u_StDev: 0.4304
Time Step: 1000, time: 10, u: 0.6608, u_StDev: 0.4045

Ghanem-Spanos method...
Used level 1 sparse quadrature points for initialization.

Took	0.008205 sec
Order 1
The number of PC terms in an expansion is 31
Cost time: 0.12
Time Step: 0, time: 0, u: 0, u_StDev: 0
Time Step: 100, time: 1, u: 0.4286, u_StDev: 0.1734
Time Step: 200, time: 2, u: 1.019, u_StDev: 0.2744
Time Step: 300, time: 3, u: 0.6606, u_StDev: 0.2651
Time Step: 400, time: 4, u: 0.2378, u_StDev: 0.3905
Time Step: 500, time: 5, u: 0.3957, u_StDev: 0.4249
Time Step: 600, time: 6, u: 0.7561, u_StDev: 0.3796
Time Step: 700, time: 7, u: 0.6843, u_StDev: 0.3613
Time Step: 800, time: 8, u: 0.4117, u_StDev: 0.4202
Time Step: 900, time: 9, u: 0.414, u_StDev: 0.4479
Time Step: 1000, time: 10, u: 0.6145, u_StDev: 0.4301

AAPG...
Used level 3 sparse quadrature points for initialization.
Took	3783 sec
Zeroth-order term...
Took	0.004991 sec
First-order terms...
Took	0.04936 sec
Second-order terms...
Took	0.8628 sec
Third-order terms...
Took	13.79 sec

Assemble the solutions...
Initialization Took	0.05149 sec
Assembling the mean...
Assemble mean took	0.1829 sec
Assembling the rest...
Computing the index...
Assembling the first order terms...
Assembling the second order terms...
Assembling the third order terms...
Assemble rest took	1482 sec
Computing the std...
Compute std took	0.2513 sec
First-order AAPG results:
Time Step: 0, time: 0, u: 0, u_StDev: 0
Time Step: 100, time: 1, u: 0.4286, u_StDev: 0.1735
Time Step: 200, time: 2, u: 1.018, u_StDev: 0.2752
Time Step: 300, time: 3, u: 0.6636, u_StDev: 0.2636
Time Step: 400, time: 4, u: 0.2414, u_StDev: 0.3803
Time Step: 500, time: 5, u: 0.3906, u_StDev: 0.4335
Time Step: 600, time: 6, u: 0.7349, u_StDev: 0.3557
Time Step: 700, time: 7, u: 0.7151, u_StDev: 0.3516
Time Step: 800, time: 8, u: 0.4438, u_StDev: 0.4059
Time Step: 900, time: 9, u: 0.4036, u_StDev: 0.4572
Time Step: 1000, time: 10, u: 0.5688, u_StDev: 0.3824
Second-order AAPG results:
Time Step: 0, time: 0, u: 0, u_StDev: 0
Time Step: 100, time: 1, u: 0.4286, u_StDev: 0.1732
Time Step: 200, time: 2, u: 1.021, u_StDev: 0.2821
Time Step: 300, time: 3, u: 0.6554, u_StDev: 0.252
Time Step: 400, time: 4, u: 0.2409, u_StDev: 0.3847
Time Step: 500, time: 5, u: 0.4221, u_StDev: 0.4145
Time Step: 600, time: 6, u: 0.7978, u_StDev: 0.3947
Time Step: 700, time: 7, u: 0.6625, u_StDev: 0.3463
Time Step: 800, time: 8, u: 0.3985, u_StDev: 0.4166
Time Step: 900, time: 9, u: 0.4509, u_StDev: 0.4268
Time Step: 1000, time: 10, u: 0.6812, u_StDev: 0.4549
Third-order AAPG results:
Time Step: 0, time: 0, u: 0, u_StDev: 0
Time Step: 100, time: 1, u: 0.4286, u_StDev: 0.1732
Time Step: 200, time: 2, u: 1.021, u_StDev: 0.2799
Time Step: 300, time: 3, u: 0.6574, u_StDev: 0.2578
Time Step: 400, time: 4, u: 0.2395, u_StDev: 0.3785
Time Step: 500, time: 5, u: 0.4183, u_StDev: 0.4036
Time Step: 600, time: 6, u: 0.7919, u_StDev: 0.3632
Time Step: 700, time: 7, u: 0.6914, u_StDev: 0.3541
Time Step: 800, time: 8, u: 0.3972, u_StDev: 0.4083
Time Step: 900, time: 9, u: 0.4367, u_StDev: 0.4424
Time Step: 1000, time: 10, u: 0.6638, u_StDev: 0.3985
Took	1482 sec
t_AAPG=0.004995,0.04936,0.8628,13.79
Assemble AAPG cost time 1482
Data written to 'time30.dat'
